This file contains any messages produced by compilers while
running configure, to aid debugging if configure makes a mistake.

It was created by tdbcmysql configure 1.0.4, which was
generated by GNU Autoconf 2.69.  Invocation command line was

  $ /Users/light/Documents/2017summer/text_analysis/external_data/WordNet-3.0/tcl8.6.6/pkgs/tdbcmysql1.0.4/configure --with-tcl=../.. --with-tclinclude=/Users/light/Documents/2017summer/text_analysis/external_data/WordNet-3.0/tcl8.6.6/generic options build_alias=options host_alias=options target_alias=options --libdir=/usr/local/lib --enable-shared --enable-threads

## --------- ##
## Platform. ##
## --------- ##

hostname = guangdeMacBook-Pro.local
uname -m = x86_64
uname -r = 14.5.0
uname -s = Darwin
uname -v = Darwin Kernel Version 14.5.0: Thu Jun 16 19:58:21 PDT 2016; root:xnu-2782.50.4~1/RELEASE_X86_64

/usr/bin/uname -p = i386
/bin/uname -X     = unknown

/bin/arch              = unknown
/usr/bin/arch -k       = unknown
/usr/convex/getsysinfo = unknown
/usr/bin/hostinfo      = Mach kernel version:
	 Darwin Kernel Version 14.5.0: Thu Jun 16 19:58:21 PDT 2016; root:xnu-2782.50.4~1/RELEASE_X86_64
Kernel configured for up to 4 processors.
2 processors are physically available.
4 processors are logically available.
Processor type: x86_64h (Intel x86-64h Haswell)
Processors active: 0 1 2 3
Primary memory available: 8.00 gigabytes
Default processor set: 205 tasks, 954 threads, 4 processors
Load average: 2.57, Mach factor: 1.42
/bin/machine           = unknown
/usr/bin/oslevel       = unknown
/bin/universe          = unknown

PATH: /Users/light/Documents/2017summer/CrowdFundingCampaignSuccess/Code/Python/Text_Mining/stanford-postagger-full-2017-06-09
PATH: /usr/local/bin
PATH: /usr/local/bin
PATH: /Users/light/Document/leetcode
PATH: /Users/light/anaconda/bin
PATH: /Users/light/Documents/anaconda/bin
PATH: //anaconda/bin
PATH: /Users/light/anaconda/bin
PATH: /usr/local/bin
PATH: /usr/bin
PATH: /bin
PATH: /usr/sbin
PATH: /sbin
PATH: /opt/X11/bin
PATH: /Library/TeX/texbin


## ----------- ##
## Core tests. ##
## ----------- ##

configure:2434: checking for correct TEA configuration
configure:2447: result: ok (TEA 3.9)
configure:2529: configuring tdbcmysql 1.0.4
configure:2602: checking for Tcl configuration
configure:2727: result: found /Users/light/Documents/2017summer/text_analysis/external_data/WordNet-3.0/tcl8.6.6/unix/tclConfig.sh
configure:2740: checking for options-gcc
configure:2770: result: no
configure:2780: checking for gcc
configure:2796: found /usr/bin/gcc
configure:2807: result: gcc
configure:3036: checking for C compiler version
configure:3045: gcc --version >&5
Apple LLVM version 7.0.2 (clang-700.1.81)
Target: x86_64-apple-darwin14.5.0
Thread model: posix
Configured with: --prefix=/Library/Developer/CommandLineTools/usr --with-gxx-include-dir=/usr/include/c++/4.2.1
configure:3056: $? = 0
configure:3045: gcc -v >&5
Configured with: --prefix=/Library/Developer/CommandLineTools/usr --with-gxx-include-dir=/usr/include/c++/4.2.1
Apple LLVM version 7.0.2 (clang-700.1.81)
Target: x86_64-apple-darwin14.5.0
Thread model: posix
configure:3056: $? = 0
configure:3045: gcc -V >&5
clang: error: argument to '-V' is missing (expected 1 value)
clang: error: no input files
configure:3056: $? = 1
configure:3045: gcc -qversion >&5
clang: error: unknown argument: '-qversion'
clang: error: no input files
configure:3056: $? = 1
configure:3076: checking whether the C compiler works
configure:3098: gcc    conftest.c  >&5
configure:3102: $? = 0
configure:3150: result: yes
configure:3153: checking for C compiler default output file name
configure:3155: result: a.out
configure:3161: checking for suffix of executables
configure:3168: gcc -o conftest    conftest.c  >&5
configure:3172: $? = 0
configure:3194: result: 
configure:3216: checking whether we are cross compiling
configure:3224: gcc -o conftest    conftest.c  >&5
configure:3228: $? = 0
configure:3235: ./conftest
configure:3239: $? = 0
configure:3254: result: no
configure:3259: checking for suffix of object files
configure:3281: gcc -c   conftest.c >&5
configure:3285: $? = 0
configure:3306: result: o
configure:3310: checking whether we are using the GNU C compiler
configure:3329: gcc -c   conftest.c >&5
configure:3329: $? = 0
configure:3338: result: yes
configure:3347: checking whether gcc accepts -g
configure:3367: gcc -c -g  conftest.c >&5
configure:3367: $? = 0
configure:3408: result: yes
configure:3425: checking for gcc option to accept ISO C89
configure:3488: gcc  -c   conftest.c >&5
configure:3488: $? = 0
configure:3501: result: none needed
configure:3523: checking for existence of /Users/light/Documents/2017summer/text_analysis/external_data/WordNet-3.0/tcl8.6.6/unix/tclConfig.sh
configure:3527: result: loading
configure:3591: checking platform
configure:3609: gcc -c   conftest.c >&5
configure:3609: $? = 0
configure:3659: result: unix
configure:3725: checking for tdbc configuration
configure:3812: result: found /Users/light/Documents/2017summer/text_analysis/external_data/WordNet-3.0/tcl8.6.6/unix/pkgs/tdbc1.0.4/tdbcConfig.sh
configure:3818: checking for existence of /Users/light/Documents/2017summer/text_analysis/external_data/WordNet-3.0/tcl8.6.6/unix/pkgs/tdbc1.0.4/tdbcConfig.sh
configure:3822: result: loading
configure:3840: WARNING: Found Makefile - using build library specs for tdbc
configure:3911: checking For tdbc_STUB library for LIBS
configure:3944: result: using tdbc_STUB_LIB_SPEC -L/Users/light/Documents/2017summer/text_analysis/external_data/WordNet-3.0/tcl8.6.6/unix/pkgs/tdbc1.0.4 -ltdbcstub1.0.4
configure:3957: WARNING: Looking for "/Users/light/Documents/2017summer/text_analysis/external_data/WordNet-3.0/tcl8.6.6/unix/pkgs/tdbc1.0.4/Makefile"
configure:3960: WARNING: Found Makefile - using build include spec and lib specs for tdbc
configure:3979: --prefix defaulting to TCL_PREFIX /usr/local
configure:3991: --exec-prefix defaulting to TCL_EXEC_PREFIX /usr/local
configure:4021: checking for options-gcc
configure:4048: result: gcc
configure:4317: checking for C compiler version
configure:4326: gcc --version >&5
Apple LLVM version 7.0.2 (clang-700.1.81)
Target: x86_64-apple-darwin14.5.0
Thread model: posix
Configured with: --prefix=/Library/Developer/CommandLineTools/usr --with-gxx-include-dir=/usr/include/c++/4.2.1
configure:4337: $? = 0
configure:4326: gcc -v >&5
Configured with: --prefix=/Library/Developer/CommandLineTools/usr --with-gxx-include-dir=/usr/include/c++/4.2.1
Apple LLVM version 7.0.2 (clang-700.1.81)
Target: x86_64-apple-darwin14.5.0
Thread model: posix
configure:4337: $? = 0
configure:4326: gcc -V >&5
clang: error: argument to '-V' is missing (expected 1 value)
clang: error: no input files
configure:4337: $? = 1
configure:4326: gcc -qversion >&5
clang: error: unknown argument: '-qversion'
clang: error: no input files
configure:4337: $? = 1
configure:4341: checking whether we are using the GNU C compiler
configure:4369: result: yes
configure:4378: checking whether gcc accepts -g
configure:4439: result: yes
configure:4456: checking for gcc option to accept ISO C89
configure:4532: result: none needed
configure:4557: checking how to run the C preprocessor
configure:4588: gcc -E  conftest.c
configure:4588: $? = 0
configure:4602: gcc -E  conftest.c
conftest.c:10:10: fatal error: 'ac_nonexistent.h' file not found
#include <ac_nonexistent.h>
         ^
1 error generated.
configure:4602: $? = 1
configure: failed program was:
| /* confdefs.h */
| #define PACKAGE_NAME "tdbcmysql"
| #define PACKAGE_TARNAME "tdbcmysql"
| #define PACKAGE_VERSION "1.0.4"
| #define PACKAGE_STRING "tdbcmysql 1.0.4"
| #define PACKAGE_BUGREPORT ""
| #define PACKAGE_URL ""
| #define BUILD_tdbcmysql /**/
| /* end confdefs.h.  */
| #include <ac_nonexistent.h>
configure:4627: result: gcc -E
configure:4647: gcc -E  conftest.c
configure:4647: $? = 0
configure:4661: gcc -E  conftest.c
conftest.c:10:10: fatal error: 'ac_nonexistent.h' file not found
#include <ac_nonexistent.h>
         ^
1 error generated.
configure:4661: $? = 1
configure: failed program was:
| /* confdefs.h */
| #define PACKAGE_NAME "tdbcmysql"
| #define PACKAGE_TARNAME "tdbcmysql"
| #define PACKAGE_VERSION "1.0.4"
| #define PACKAGE_STRING "tdbcmysql 1.0.4"
| #define PACKAGE_BUGREPORT ""
| #define PACKAGE_URL ""
| #define BUILD_tdbcmysql /**/
| /* end confdefs.h.  */
| #include <ac_nonexistent.h>
configure:4708: checking whether make sets $(MAKE)
configure:4730: result: yes
configure:4747: checking for options-ranlib
configure:4777: result: no
configure:4787: checking for ranlib
configure:4803: found /usr/bin/ranlib
configure:4814: result: ranlib
configure:4845: checking for grep that handles long lines and -e
configure:4903: result: /usr/bin/grep
configure:4908: checking for egrep
configure:4970: result: /usr/bin/grep -E
configure:4975: checking for ANSI C header files
configure:4995: gcc -c   conftest.c >&5
configure:4995: $? = 0
configure:5068: gcc -o conftest    conftest.c  >&5
configure:5068: $? = 0
configure:5068: ./conftest
configure:5068: $? = 0
configure:5079: result: yes
configure:5092: checking for sys/types.h
configure:5092: gcc -c   conftest.c >&5
configure:5092: $? = 0
configure:5092: result: yes
configure:5092: checking for sys/stat.h
configure:5092: gcc -c   conftest.c >&5
configure:5092: $? = 0
configure:5092: result: yes
configure:5092: checking for stdlib.h
configure:5092: gcc -c   conftest.c >&5
configure:5092: $? = 0
configure:5092: result: yes
configure:5092: checking for string.h
configure:5092: gcc -c   conftest.c >&5
configure:5092: $? = 0
configure:5092: result: yes
configure:5092: checking for memory.h
configure:5092: gcc -c   conftest.c >&5
configure:5092: $? = 0
configure:5092: result: yes
configure:5092: checking for strings.h
configure:5092: gcc -c   conftest.c >&5
configure:5092: $? = 0
configure:5092: result: yes
configure:5092: checking for inttypes.h
configure:5092: gcc -c   conftest.c >&5
configure:5092: $? = 0
configure:5092: result: yes
configure:5092: checking for stdint.h
configure:5092: gcc -c   conftest.c >&5
configure:5092: $? = 0
configure:5092: result: yes
configure:5092: checking for unistd.h
configure:5092: gcc -c   conftest.c >&5
configure:5092: $? = 0
configure:5092: result: yes
configure:5114: checking if the compiler understands -pipe
configure:5132: gcc -c  -pipe  conftest.c >&5
configure:5132: $? = 0
configure:5140: result: yes
configure:5151: checking whether byte ordering is bigendian
configure:5166: gcc -c  -pipe  conftest.c >&5
configure:5166: $? = 0
configure:5211: gcc -c  -pipe  conftest.c >&5
configure:5211: $? = 0
configure:5229: gcc -c  -pipe  conftest.c >&5
conftest.c:27:4: error: use of undeclared identifier 'not'
                 not big endian
                 ^
1 error generated.
configure:5229: $? = 1
configure: failed program was:
| /* confdefs.h */
| #define PACKAGE_NAME "tdbcmysql"
| #define PACKAGE_TARNAME "tdbcmysql"
| #define PACKAGE_VERSION "1.0.4"
| #define PACKAGE_STRING "tdbcmysql 1.0.4"
| #define PACKAGE_BUGREPORT ""
| #define PACKAGE_URL ""
| #define BUILD_tdbcmysql /**/
| #define STDC_HEADERS 1
| #define HAVE_SYS_TYPES_H 1
| #define HAVE_SYS_STAT_H 1
| #define HAVE_STDLIB_H 1
| #define HAVE_STRING_H 1
| #define HAVE_MEMORY_H 1
| #define HAVE_STRINGS_H 1
| #define HAVE_INTTYPES_H 1
| #define HAVE_STDINT_H 1
| #define HAVE_UNISTD_H 1
| /* end confdefs.h.  */
| #include <sys/types.h>
| 		#include <sys/param.h>
| 
| int
| main ()
| {
| #if BYTE_ORDER != BIG_ENDIAN
| 		 not big endian
| 		#endif
| 
|   ;
|   return 0;
| }
configure:5357: result: no
configure:5384: checking for sin
configure:5384: gcc -o conftest  -pipe   conftest.c  >&5
conftest.c:43:6: warning: incompatible redeclaration of library function 'sin' [-Wincompatible-library-redeclaration]
char sin ();
     ^
conftest.c:43:6: note: 'sin' is a builtin with type 'double (double)'
1 warning generated.
configure:5384: $? = 0
configure:5384: result: yes
configure:5391: checking for main in -lieee
configure:5410: gcc -o conftest  -pipe   conftest.c -lieee   >&5
ld: library not found for -lieee
clang: error: linker command failed with exit code 1 (use -v to see invocation)
configure:5410: $? = 1
configure: failed program was:
| /* confdefs.h */
| #define PACKAGE_NAME "tdbcmysql"
| #define PACKAGE_TARNAME "tdbcmysql"
| #define PACKAGE_VERSION "1.0.4"
| #define PACKAGE_STRING "tdbcmysql 1.0.4"
| #define PACKAGE_BUGREPORT ""
| #define PACKAGE_URL ""
| #define BUILD_tdbcmysql /**/
| #define STDC_HEADERS 1
| #define HAVE_SYS_TYPES_H 1
| #define HAVE_SYS_STAT_H 1
| #define HAVE_STDLIB_H 1
| #define HAVE_STRING_H 1
| #define HAVE_MEMORY_H 1
| #define HAVE_STRINGS_H 1
| #define HAVE_INTTYPES_H 1
| #define HAVE_STDINT_H 1
| #define HAVE_UNISTD_H 1
| /* end confdefs.h.  */
| 
| 
| int
| main ()
| {
| return main ();
|   ;
|   return 0;
| }
configure:5419: result: no
configure:5431: checking for main in -linet
configure:5450: gcc -o conftest  -pipe   conftest.c -linet   >&5
ld: library not found for -linet
clang: error: linker command failed with exit code 1 (use -v to see invocation)
configure:5450: $? = 1
configure: failed program was:
| /* confdefs.h */
| #define PACKAGE_NAME "tdbcmysql"
| #define PACKAGE_TARNAME "tdbcmysql"
| #define PACKAGE_VERSION "1.0.4"
| #define PACKAGE_STRING "tdbcmysql 1.0.4"
| #define PACKAGE_BUGREPORT ""
| #define PACKAGE_URL ""
| #define BUILD_tdbcmysql /**/
| #define STDC_HEADERS 1
| #define HAVE_SYS_TYPES_H 1
| #define HAVE_SYS_STAT_H 1
| #define HAVE_STDLIB_H 1
| #define HAVE_STRING_H 1
| #define HAVE_MEMORY_H 1
| #define HAVE_STRINGS_H 1
| #define HAVE_INTTYPES_H 1
| #define HAVE_STDINT_H 1
| #define HAVE_UNISTD_H 1
| /* end confdefs.h.  */
| 
| 
| int
| main ()
| {
| return main ();
|   ;
|   return 0;
| }
configure:5459: result: no
configure:5465: checking net/errno.h usability
configure:5465: gcc -c  -pipe  conftest.c >&5
conftest.c:53:10: fatal error: 'net/errno.h' file not found
#include <net/errno.h>
         ^
1 error generated.
configure:5465: $? = 1
configure: failed program was:
| /* confdefs.h */
| #define PACKAGE_NAME "tdbcmysql"
| #define PACKAGE_TARNAME "tdbcmysql"
| #define PACKAGE_VERSION "1.0.4"
| #define PACKAGE_STRING "tdbcmysql 1.0.4"
| #define PACKAGE_BUGREPORT ""
| #define PACKAGE_URL ""
| #define BUILD_tdbcmysql /**/
| #define STDC_HEADERS 1
| #define HAVE_SYS_TYPES_H 1
| #define HAVE_SYS_STAT_H 1
| #define HAVE_STDLIB_H 1
| #define HAVE_STRING_H 1
| #define HAVE_MEMORY_H 1
| #define HAVE_STRINGS_H 1
| #define HAVE_INTTYPES_H 1
| #define HAVE_STDINT_H 1
| #define HAVE_UNISTD_H 1
| /* end confdefs.h.  */
| #include <stdio.h>
| #ifdef HAVE_SYS_TYPES_H
| # include <sys/types.h>
| #endif
| #ifdef HAVE_SYS_STAT_H
| # include <sys/stat.h>
| #endif
| #ifdef STDC_HEADERS
| # include <stdlib.h>
| # include <stddef.h>
| #else
| # ifdef HAVE_STDLIB_H
| #  include <stdlib.h>
| # endif
| #endif
| #ifdef HAVE_STRING_H
| # if !defined STDC_HEADERS && defined HAVE_MEMORY_H
| #  include <memory.h>
| # endif
| # include <string.h>
| #endif
| #ifdef HAVE_STRINGS_H
| # include <strings.h>
| #endif
| #ifdef HAVE_INTTYPES_H
| # include <inttypes.h>
| #endif
| #ifdef HAVE_STDINT_H
| # include <stdint.h>
| #endif
| #ifdef HAVE_UNISTD_H
| # include <unistd.h>
| #endif
| #include <net/errno.h>
configure:5465: result: no
configure:5465: checking net/errno.h presence
configure:5465: gcc -E  conftest.c
conftest.c:20:10: fatal error: 'net/errno.h' file not found
#include <net/errno.h>
         ^
1 error generated.
configure:5465: $? = 1
configure: failed program was:
| /* confdefs.h */
| #define PACKAGE_NAME "tdbcmysql"
| #define PACKAGE_TARNAME "tdbcmysql"
| #define PACKAGE_VERSION "1.0.4"
| #define PACKAGE_STRING "tdbcmysql 1.0.4"
| #define PACKAGE_BUGREPORT ""
| #define PACKAGE_URL ""
| #define BUILD_tdbcmysql /**/
| #define STDC_HEADERS 1
| #define HAVE_SYS_TYPES_H 1
| #define HAVE_SYS_STAT_H 1
| #define HAVE_STDLIB_H 1
| #define HAVE_STRING_H 1
| #define HAVE_MEMORY_H 1
| #define HAVE_STRINGS_H 1
| #define HAVE_INTTYPES_H 1
| #define HAVE_STDINT_H 1
| #define HAVE_UNISTD_H 1
| /* end confdefs.h.  */
| #include <net/errno.h>
configure:5465: result: no
configure:5465: checking for net/errno.h
configure:5465: result: no
configure:5494: checking for connect
configure:5494: gcc -o conftest  -pipe   conftest.c  >&5
configure:5494: $? = 0
configure:5494: result: yes
configure:5562: checking for gethostbyname
configure:5562: gcc -o conftest  -pipe   conftest.c  >&5
configure:5562: $? = 0
configure:5562: result: yes
configure:5617: checking dirent.h
configure:5653: gcc -o conftest  -pipe   conftest.c  >&5
configure:5653: $? = 0
configure:5661: result: yes
configure:5671: checking errno.h usability
configure:5671: gcc -c  -pipe  conftest.c >&5
configure:5671: $? = 0
configure:5671: result: yes
configure:5671: checking errno.h presence
configure:5671: gcc -E  conftest.c
configure:5671: $? = 0
configure:5671: result: yes
configure:5671: checking for errno.h
configure:5671: result: yes
configure:5681: checking float.h usability
configure:5681: gcc -c  -pipe  conftest.c >&5
configure:5681: $? = 0
configure:5681: result: yes
configure:5681: checking float.h presence
configure:5681: gcc -E  conftest.c
configure:5681: $? = 0
configure:5681: result: yes
configure:5681: checking for float.h
configure:5681: result: yes
configure:5691: checking values.h usability
configure:5691: gcc -c  -pipe  conftest.c >&5
conftest.c:53:10: fatal error: 'values.h' file not found
#include <values.h>
         ^
1 error generated.
configure:5691: $? = 1
configure: failed program was:
| /* confdefs.h */
| #define PACKAGE_NAME "tdbcmysql"
| #define PACKAGE_TARNAME "tdbcmysql"
| #define PACKAGE_VERSION "1.0.4"
| #define PACKAGE_STRING "tdbcmysql 1.0.4"
| #define PACKAGE_BUGREPORT ""
| #define PACKAGE_URL ""
| #define BUILD_tdbcmysql /**/
| #define STDC_HEADERS 1
| #define HAVE_SYS_TYPES_H 1
| #define HAVE_SYS_STAT_H 1
| #define HAVE_STDLIB_H 1
| #define HAVE_STRING_H 1
| #define HAVE_MEMORY_H 1
| #define HAVE_STRINGS_H 1
| #define HAVE_INTTYPES_H 1
| #define HAVE_STDINT_H 1
| #define HAVE_UNISTD_H 1
| /* end confdefs.h.  */
| #include <stdio.h>
| #ifdef HAVE_SYS_TYPES_H
| # include <sys/types.h>
| #endif
| #ifdef HAVE_SYS_STAT_H
| # include <sys/stat.h>
| #endif
| #ifdef STDC_HEADERS
| # include <stdlib.h>
| # include <stddef.h>
| #else
| # ifdef HAVE_STDLIB_H
| #  include <stdlib.h>
| # endif
| #endif
| #ifdef HAVE_STRING_H
| # if !defined STDC_HEADERS && defined HAVE_MEMORY_H
| #  include <memory.h>
| # endif
| # include <string.h>
| #endif
| #ifdef HAVE_STRINGS_H
| # include <strings.h>
| #endif
| #ifdef HAVE_INTTYPES_H
| # include <inttypes.h>
| #endif
| #ifdef HAVE_STDINT_H
| # include <stdint.h>
| #endif
| #ifdef HAVE_UNISTD_H
| # include <unistd.h>
| #endif
| #include <values.h>
configure:5691: result: no
configure:5691: checking values.h presence
configure:5691: gcc -E  conftest.c
conftest.c:20:10: fatal error: 'values.h' file not found
#include <values.h>
         ^
1 error generated.
configure:5691: $? = 1
configure: failed program was:
| /* confdefs.h */
| #define PACKAGE_NAME "tdbcmysql"
| #define PACKAGE_TARNAME "tdbcmysql"
| #define PACKAGE_VERSION "1.0.4"
| #define PACKAGE_STRING "tdbcmysql 1.0.4"
| #define PACKAGE_BUGREPORT ""
| #define PACKAGE_URL ""
| #define BUILD_tdbcmysql /**/
| #define STDC_HEADERS 1
| #define HAVE_SYS_TYPES_H 1
| #define HAVE_SYS_STAT_H 1
| #define HAVE_STDLIB_H 1
| #define HAVE_STRING_H 1
| #define HAVE_MEMORY_H 1
| #define HAVE_STRINGS_H 1
| #define HAVE_INTTYPES_H 1
| #define HAVE_STDINT_H 1
| #define HAVE_UNISTD_H 1
| /* end confdefs.h.  */
| #include <values.h>
configure:5691: result: no
configure:5691: checking for values.h
configure:5691: result: no
configure:5701: checking limits.h usability
configure:5701: gcc -c  -pipe  conftest.c >&5
configure:5701: $? = 0
configure:5701: result: yes
configure:5701: checking limits.h presence
configure:5701: gcc -E  conftest.c
configure:5701: $? = 0
configure:5701: result: yes
configure:5701: checking for limits.h
configure:5701: result: yes
configure:5713: checking for stdlib.h
configure:5713: result: yes
configure:5765: checking for string.h
configure:5765: result: yes
configure:5809: checking sys/wait.h usability
configure:5809: gcc -c  -pipe  conftest.c >&5
configure:5809: $? = 0
configure:5809: result: yes
configure:5809: checking sys/wait.h presence
configure:5809: gcc -E  conftest.c
configure:5809: $? = 0
configure:5809: result: yes
configure:5809: checking for sys/wait.h
configure:5809: result: yes
configure:5819: checking dlfcn.h usability
configure:5819: gcc -c  -pipe  conftest.c >&5
configure:5819: $? = 0
configure:5819: result: yes
configure:5819: checking dlfcn.h presence
configure:5819: gcc -E  conftest.c
configure:5819: $? = 0
configure:5819: result: yes
configure:5819: checking for dlfcn.h
configure:5819: result: yes
configure:5833: checking sys/param.h usability
configure:5833: gcc -c  -pipe  conftest.c >&5
configure:5833: $? = 0
configure:5833: result: yes
configure:5833: checking sys/param.h presence
configure:5833: gcc -E  conftest.c
configure:5833: $? = 0
configure:5833: result: yes
configure:5833: checking for sys/param.h
configure:5833: result: yes
configure:5850: checking for inline
configure:5866: gcc -c  -pipe  conftest.c >&5
configure:5866: $? = 0
configure:5874: result: inline
configure:5892: checking for long long
configure:5892: gcc -c  -pipe  conftest.c >&5
configure:5892: $? = 0
configure:5892: gcc -c  -pipe  conftest.c >&5
conftest.c:59:24: error: expected expression
if (sizeof ((long long)))
                       ^
1 error generated.
configure:5892: $? = 1
configure: failed program was:
| /* confdefs.h */
| #define PACKAGE_NAME "tdbcmysql"
| #define PACKAGE_TARNAME "tdbcmysql"
| #define PACKAGE_VERSION "1.0.4"
| #define PACKAGE_STRING "tdbcmysql 1.0.4"
| #define PACKAGE_BUGREPORT ""
| #define PACKAGE_URL ""
| #define BUILD_tdbcmysql /**/
| #define STDC_HEADERS 1
| #define HAVE_SYS_TYPES_H 1
| #define HAVE_SYS_STAT_H 1
| #define HAVE_STDLIB_H 1
| #define HAVE_STRING_H 1
| #define HAVE_MEMORY_H 1
| #define HAVE_STRINGS_H 1
| #define HAVE_INTTYPES_H 1
| #define HAVE_STDINT_H 1
| #define HAVE_UNISTD_H 1
| #define NO_VALUES_H 1
| #define HAVE_LIMITS_H 1
| #define HAVE_SYS_PARAM_H 1
| /* end confdefs.h.  */
| #include <stdio.h>
| #ifdef HAVE_SYS_TYPES_H
| # include <sys/types.h>
| #endif
| #ifdef HAVE_SYS_STAT_H
| # include <sys/stat.h>
| #endif
| #ifdef STDC_HEADERS
| # include <stdlib.h>
| # include <stddef.h>
| #else
| # ifdef HAVE_STDLIB_H
| #  include <stdlib.h>
| # endif
| #endif
| #ifdef HAVE_STRING_H
| # if !defined STDC_HEADERS && defined HAVE_MEMORY_H
| #  include <memory.h>
| # endif
| # include <string.h>
| #endif
| #ifdef HAVE_STRINGS_H
| # include <strings.h>
| #endif
| #ifdef HAVE_INTTYPES_H
| # include <inttypes.h>
| #endif
| #ifdef HAVE_STDINT_H
| # include <stdint.h>
| #endif
| #ifdef HAVE_UNISTD_H
| # include <unistd.h>
| #endif
| int
| main ()
| {
| if (sizeof ((long long)))
| 	    return 0;
|   ;
|   return 0;
| }
configure:5892: result: yes
configure:5901: checking size of long long
configure:5906: gcc -o conftest  -pipe   conftest.c  >&5
configure:5906: $? = 0
configure:5906: ./conftest
configure:5906: $? = 0
configure:5920: result: 8
configure:5937: checking size of long
configure:5942: gcc -o conftest  -pipe   conftest.c  >&5
configure:5942: $? = 0
configure:5942: ./conftest
configure:5942: $? = 0
configure:5956: result: 8
configure:6144: checking for Tcl public headers
configure:6215: result: /Users/light/Documents/2017summer/text_analysis/external_data/WordNet-3.0/tcl8.6.6/generic
configure:6271: checking for pthread_mutex_init in -lpthread
configure:6296: gcc -o conftest  -pipe   conftest.c -lpthread   >&5
configure:6296: $? = 0
configure:6305: result: yes
configure:6514: checking for building with threads
configure:6520: result: yes (default)
configure:6561: checking how to build libraries
configure:6579: result: shared
configure:6602: checking for options-ranlib
configure:6629: result: ranlib
configure:6696: checking if 64bit support is requested
configure:6705: result: no
configure:6710: checking if 64bit Sparc VIS support is requested
configure:6719: result: no
configure:6729: checking if compiler supports visibility "hidden"
configure:6749: gcc -o conftest  -pipe -Werror   conftest.c  >&5
configure:6749: $? = 0
configure:6758: result: yes
configure:6773: checking if rpath support is requested
configure:6782: result: yes
configure:6807: checking system version
configure:6830: result: Darwin-14.5.0
configure:6870: checking for options-ar
configure:6900: result: no
configure:6910: checking for ar
configure:6926: found /usr/bin/ar
configure:6937: result: ar
configure:8046: checking if ld accepts -single_module flag
configure:8065: gcc -o conftest -pipe     -dynamiclib -Wl,-single_module conftest.c  >&5
configure:8065: $? = 0
configure:8074: result: yes
configure:8092: checking if ld accepts -search_paths_first flag
configure:8111: gcc -o conftest -pipe     -prebind -headerpad_max_install_names -Wl,-search_paths_first conftest.c  >&5
configure:8111: $? = 0
configure:8120: result: yes
configure:8715: checking for cast to union support
configure:8734: gcc -c -pipe    conftest.c >&5
configure:8734: $? = 0
configure:8742: result: yes
configure:8765: checking for required early compiler flags
configure:8783: gcc -c -pipe    conftest.c >&5
configure:8783: $? = 0
configure:8830: gcc -c -pipe    conftest.c >&5
conftest.c:38:28: warning: 'stat64' is deprecated: first deprecated in OS X 10.6 [-Wdeprecated-declarations]
struct stat64 buf; int i = stat64("/", &buf);
                           ^
/usr/include/sys/stat.h:391:5: note: 'stat64' has been explicitly marked deprecated here
int     stat64(const char *, struct stat64 *) __OSX_AVAILABLE_BUT_DEPRECATED(__MAC_10_5,__MAC_10_6,__IPHONE_NA,__IPHONE_NA);
        ^
1 warning generated.
configure:8830: $? = 0
configure:8877: gcc -c -pipe    conftest.c >&5
conftest.c:38:19: error: use of undeclared identifier 'open64'
char *p = (char *)open64;
                  ^
1 error generated.
configure:8877: $? = 1
configure: failed program was:
| /* confdefs.h */
| #define PACKAGE_NAME "tdbcmysql"
| #define PACKAGE_TARNAME "tdbcmysql"
| #define PACKAGE_VERSION "1.0.4"
| #define PACKAGE_STRING "tdbcmysql 1.0.4"
| #define PACKAGE_BUGREPORT ""
| #define PACKAGE_URL ""
| #define BUILD_tdbcmysql /**/
| #define STDC_HEADERS 1
| #define HAVE_SYS_TYPES_H 1
| #define HAVE_SYS_STAT_H 1
| #define HAVE_STDLIB_H 1
| #define HAVE_STRING_H 1
| #define HAVE_MEMORY_H 1
| #define HAVE_STRINGS_H 1
| #define HAVE_INTTYPES_H 1
| #define HAVE_STDINT_H 1
| #define HAVE_UNISTD_H 1
| #define NO_VALUES_H 1
| #define HAVE_LIMITS_H 1
| #define HAVE_SYS_PARAM_H 1
| #define HAVE_LONG_LONG 1
| #define SIZEOF_LONG_LONG 8
| #define SIZEOF_LONG 8
| #define DONT_TD_VOID 1
| #define USE_THREAD_ALLOC 1
| #define _REENTRANT 1
| #define _THREAD_SAFE 1
| #define TCL_THREADS 1
| #define MODULE_SCOPE extern __attribute__((__visibility__("hidden")))
| #define HAVE_HIDDEN 1
| #define HAVE_CAST_TO_UNION 1
| /* end confdefs.h.  */
| #include <sys/stat.h>
| int
| main ()
| {
| char *p = (char *)open64;
|   ;
|   return 0;
| }
configure:8892: gcc -c -pipe    conftest.c >&5
conftest.c:39:19: error: use of undeclared identifier 'open64'
char *p = (char *)open64;
                  ^
1 error generated.
configure:8892: $? = 1
configure: failed program was:
| /* confdefs.h */
| #define PACKAGE_NAME "tdbcmysql"
| #define PACKAGE_TARNAME "tdbcmysql"
| #define PACKAGE_VERSION "1.0.4"
| #define PACKAGE_STRING "tdbcmysql 1.0.4"
| #define PACKAGE_BUGREPORT ""
| #define PACKAGE_URL ""
| #define BUILD_tdbcmysql /**/
| #define STDC_HEADERS 1
| #define HAVE_SYS_TYPES_H 1
| #define HAVE_SYS_STAT_H 1
| #define HAVE_STDLIB_H 1
| #define HAVE_STRING_H 1
| #define HAVE_MEMORY_H 1
| #define HAVE_STRINGS_H 1
| #define HAVE_INTTYPES_H 1
| #define HAVE_STDINT_H 1
| #define HAVE_UNISTD_H 1
| #define NO_VALUES_H 1
| #define HAVE_LIMITS_H 1
| #define HAVE_SYS_PARAM_H 1
| #define HAVE_LONG_LONG 1
| #define SIZEOF_LONG_LONG 8
| #define SIZEOF_LONG 8
| #define DONT_TD_VOID 1
| #define USE_THREAD_ALLOC 1
| #define _REENTRANT 1
| #define _THREAD_SAFE 1
| #define TCL_THREADS 1
| #define MODULE_SCOPE extern __attribute__((__visibility__("hidden")))
| #define HAVE_HIDDEN 1
| #define HAVE_CAST_TO_UNION 1
| /* end confdefs.h.  */
| #define _LARGEFILE_SOURCE64 1
| #include <sys/stat.h>
| int
| main ()
| {
| char *p = (char *)open64;
|   ;
|   return 0;
| }
configure:8910: result: none
configure:8918: checking for 64-bit integer type
configure:8937: gcc -c -pipe    conftest.c >&5
conftest.c:38:1: error: use of undeclared identifier '__int64'
__int64 value = (__int64) 0;
^
1 error generated.
configure:8937: $? = 1
configure: failed program was:
| /* confdefs.h */
| #define PACKAGE_NAME "tdbcmysql"
| #define PACKAGE_TARNAME "tdbcmysql"
| #define PACKAGE_VERSION "1.0.4"
| #define PACKAGE_STRING "tdbcmysql 1.0.4"
| #define PACKAGE_BUGREPORT ""
| #define PACKAGE_URL ""
| #define BUILD_tdbcmysql /**/
| #define STDC_HEADERS 1
| #define HAVE_SYS_TYPES_H 1
| #define HAVE_SYS_STAT_H 1
| #define HAVE_STDLIB_H 1
| #define HAVE_STRING_H 1
| #define HAVE_MEMORY_H 1
| #define HAVE_STRINGS_H 1
| #define HAVE_INTTYPES_H 1
| #define HAVE_STDINT_H 1
| #define HAVE_UNISTD_H 1
| #define NO_VALUES_H 1
| #define HAVE_LIMITS_H 1
| #define HAVE_SYS_PARAM_H 1
| #define HAVE_LONG_LONG 1
| #define SIZEOF_LONG_LONG 8
| #define SIZEOF_LONG 8
| #define DONT_TD_VOID 1
| #define USE_THREAD_ALLOC 1
| #define _REENTRANT 1
| #define _THREAD_SAFE 1
| #define TCL_THREADS 1
| #define MODULE_SCOPE extern __attribute__((__visibility__("hidden")))
| #define HAVE_HIDDEN 1
| #define HAVE_CAST_TO_UNION 1
| /* end confdefs.h.  */
| 
| int
| main ()
| {
| __int64 value = (__int64) 0;
|   ;
|   return 0;
| }
configure:8959: gcc -c -pipe    conftest.c >&5
conftest.c:39:26: error: duplicate case value '1'
            case 1: case (sizeof(long long)==sizeof(long)): ;
                         ^
conftest.c:39:18: note: previous case defined here
            case 1: case (sizeof(long long)==sizeof(long)): ;
                 ^
1 error generated.
configure:8959: $? = 1
configure: failed program was:
| /* confdefs.h */
| #define PACKAGE_NAME "tdbcmysql"
| #define PACKAGE_TARNAME "tdbcmysql"
| #define PACKAGE_VERSION "1.0.4"
| #define PACKAGE_STRING "tdbcmysql 1.0.4"
| #define PACKAGE_BUGREPORT ""
| #define PACKAGE_URL ""
| #define BUILD_tdbcmysql /**/
| #define STDC_HEADERS 1
| #define HAVE_SYS_TYPES_H 1
| #define HAVE_SYS_STAT_H 1
| #define HAVE_STDLIB_H 1
| #define HAVE_STRING_H 1
| #define HAVE_MEMORY_H 1
| #define HAVE_STRINGS_H 1
| #define HAVE_INTTYPES_H 1
| #define HAVE_STDINT_H 1
| #define HAVE_UNISTD_H 1
| #define NO_VALUES_H 1
| #define HAVE_LIMITS_H 1
| #define HAVE_SYS_PARAM_H 1
| #define HAVE_LONG_LONG 1
| #define SIZEOF_LONG_LONG 8
| #define SIZEOF_LONG 8
| #define DONT_TD_VOID 1
| #define USE_THREAD_ALLOC 1
| #define _REENTRANT 1
| #define _THREAD_SAFE 1
| #define TCL_THREADS 1
| #define MODULE_SCOPE extern __attribute__((__visibility__("hidden")))
| #define HAVE_HIDDEN 1
| #define HAVE_CAST_TO_UNION 1
| /* end confdefs.h.  */
| 
| int
| main ()
| {
| switch (0) {
|             case 1: case (sizeof(long long)==sizeof(long)): ;
|         }
|   ;
|   return 0;
| }
configure:8969: result: using long
configure:9113: checking for build with symbols
configure:9126: result: no
configure:9290: checking for tclsh
configure:9317: result: /Users/light/Documents/2017summer/text_analysis/external_data/WordNet-3.0/tcl8.6.6/unix/tclsh
configure:9485: creating ./config.status

## ---------------------- ##
## Running config.status. ##
## ---------------------- ##

This file was extended by tdbcmysql config.status 1.0.4, which was
generated by GNU Autoconf 2.69.  Invocation command line was

  CONFIG_FILES    = 
  CONFIG_HEADERS  = 
  CONFIG_LINKS    = 
  CONFIG_COMMANDS = 
  $ ./config.status 

on guangdeMacBook-Pro.local

config.status:815: creating Makefile
config.status:815: creating pkgIndex.tcl

## ---------------- ##
## Cache variables. ##
## ---------------- ##

ac_cv_c_bigendian=no
ac_cv_c_compiler_gnu=yes
ac_cv_c_inline=inline
ac_cv_c_tclconfig=/Users/light/Documents/2017summer/text_analysis/external_data/WordNet-3.0/tcl8.6.6/unix
ac_cv_c_tclh=/Users/light/Documents/2017summer/text_analysis/external_data/WordNet-3.0/tcl8.6.6/generic
ac_cv_c_tdbcconfig=/Users/light/Documents/2017summer/text_analysis/external_data/WordNet-3.0/tcl8.6.6/unix/pkgs/tdbc1.0.4
ac_cv_env_CC_set=
ac_cv_env_CC_value=
ac_cv_env_CFLAGS_set=
ac_cv_env_CFLAGS_value=
ac_cv_env_CPPFLAGS_set=
ac_cv_env_CPPFLAGS_value=
ac_cv_env_CPP_set=
ac_cv_env_CPP_value=
ac_cv_env_LDFLAGS_set=
ac_cv_env_LDFLAGS_value=
ac_cv_env_LIBS_set=
ac_cv_env_LIBS_value=
ac_cv_env_build_alias_set=set
ac_cv_env_build_alias_value=options
ac_cv_env_host_alias_set=set
ac_cv_env_host_alias_value=options
ac_cv_env_target_alias_set=set
ac_cv_env_target_alias_value=options
ac_cv_func_connect=yes
ac_cv_func_gethostbyname=yes
ac_cv_func_sin=yes
ac_cv_header_dlfcn_h=yes
ac_cv_header_errno_h=yes
ac_cv_header_float_h=yes
ac_cv_header_inttypes_h=yes
ac_cv_header_limits_h=yes
ac_cv_header_memory_h=yes
ac_cv_header_net_errno_h=no
ac_cv_header_stdc=yes
ac_cv_header_stdint_h=yes
ac_cv_header_stdlib_h=yes
ac_cv_header_string_h=yes
ac_cv_header_strings_h=yes
ac_cv_header_sys_param_h=yes
ac_cv_header_sys_stat_h=yes
ac_cv_header_sys_types_h=yes
ac_cv_header_sys_wait_h=yes
ac_cv_header_unistd_h=yes
ac_cv_header_values_h=no
ac_cv_lib_ieee_main=no
ac_cv_lib_inet_main=no
ac_cv_lib_pthread_pthread_mutex_init=yes
ac_cv_objext=o
ac_cv_path_EGREP='/usr/bin/grep -E'
ac_cv_path_GREP=/usr/bin/grep
ac_cv_prog_CC=gcc
ac_cv_prog_CPP='gcc -E'
ac_cv_prog_RANLIB=ranlib
ac_cv_prog_ac_ct_AR=ar
ac_cv_prog_ac_ct_CC=gcc
ac_cv_prog_ac_ct_RANLIB=ranlib
ac_cv_prog_cc_c89=
ac_cv_prog_cc_g=yes
ac_cv_prog_make_make_set=yes
ac_cv_sizeof_long=8
ac_cv_sizeof_long_long=8
ac_cv_type_long_long=yes
tcl_cv_cast_to_union=yes
tcl_cv_cc_pipe=yes
tcl_cv_cc_visibility_hidden=yes
tcl_cv_dirent_h=yes
tcl_cv_flag__isoc99_source=no
tcl_cv_flag__largefile64_source=no
tcl_cv_flag__largefile_source64=no
tcl_cv_ld_search_paths_first=yes
tcl_cv_ld_single_module=yes
tcl_cv_sys_version=Darwin-14.5.0
tcl_cv_type_64bit=none

## ----------------- ##
## Output variables. ##
## ----------------- ##

AR='ar'
CC='gcc'
CELIB_DIR=''
CFLAGS='-pipe  ${CFLAGS_DEFAULT} ${CFLAGS_WARNING} ${SHLIB_CFLAGS}  '
CFLAGS_DEBUG='-g'
CFLAGS_DEFAULT='-Os -DNDEBUG'
CFLAGS_OPTIMIZE='-Os'
CFLAGS_WARNING='-Wall'
CLEANFILES=''
CONFIGURE_OUTPUTS='Makefile pkgIndex.tcl config.cache config.log config.status'
CPP='gcc -E'
CPPFLAGS=''
CYGPATH='echo'
DEFS='-DPACKAGE_NAME=\"tdbcmysql\" -DPACKAGE_TARNAME=\"tdbcmysql\" -DPACKAGE_VERSION=\"1.0.4\" -DPACKAGE_STRING=\"tdbcmysql\ 1.0.4\" -DPACKAGE_BUGREPORT=\"\" -DPACKAGE_URL=\"\" -DBUILD_tdbcmysql=/\*\*/ -DSTDC_HEADERS=1 -DHAVE_SYS_TYPES_H=1 -DHAVE_SYS_STAT_H=1 -DHAVE_STDLIB_H=1 -DHAVE_STRING_H=1 -DHAVE_MEMORY_H=1 -DHAVE_STRINGS_H=1 -DHAVE_INTTYPES_H=1 -DHAVE_STDINT_H=1 -DHAVE_UNISTD_H=1 -DNO_VALUES_H=1 -DHAVE_LIMITS_H=1 -DHAVE_SYS_PARAM_H=1 -DHAVE_LONG_LONG=1 -DSIZEOF_LONG_LONG=8 -DSIZEOF_LONG=8 -DDONT_TD_VOID=1 -DUSE_THREAD_ALLOC=1 -D_REENTRANT=1 -D_THREAD_SAFE=1 -DTCL_THREADS=1 -DMODULE_SCOPE=extern\ __attribute__\(\(__visibility__\(\"hidden\"\)\)\) -DHAVE_HIDDEN=1 -DHAVE_CAST_TO_UNION=1 -DTCL_WIDE_INT_IS_LONG=1 -DUSE_TCL_STUBS=1'
ECHO_C='\c'
ECHO_N=''
ECHO_T=''
EGREP='/usr/bin/grep -E'
EXEEXT=''
GREP='/usr/bin/grep'
INSTALL='$(SHELL) $(srcdir)/tclconfig/install-sh -c'
INSTALL_DATA='${INSTALL} -m 644'
INSTALL_DATA_DIR='${INSTALL} -d -m 755'
INSTALL_LIBRARY='${INSTALL_DATA}'
INSTALL_PROGRAM='${INSTALL}'
INSTALL_SCRIPT='${INSTALL}'
LDFLAGS=' -prebind -headerpad_max_install_names -Wl,-search_paths_first '
LDFLAGS_DEFAULT=' -prebind -headerpad_max_install_names -Wl,-search_paths_first '
LD_LIBRARY_PATH_VAR='DYLD_LIBRARY_PATH'
LIBOBJS=''
LIBS=''
LTLIBOBJS=''
MAKE_LIB='${SHLIB_LD} -o $@ $(PKG_OBJECTS) ${SHLIB_LD_LIBS} '
MAKE_SHARED_LIB='${SHLIB_LD} -o $@ $(PKG_OBJECTS) ${SHLIB_LD_LIBS}'
MAKE_STATIC_LIB='${STLIB_LD} $@ $(PKG_OBJECTS)'
MAKE_STUB_LIB='${STLIB_LD} $@ $(PKG_STUB_OBJECTS)'
MATH_LIBS=''
OBJEXT='o'
PACKAGE_BUGREPORT=''
PACKAGE_NAME='tdbcmysql'
PACKAGE_STRING='tdbcmysql 1.0.4'
PACKAGE_TARNAME='tdbcmysql'
PACKAGE_URL=''
PACKAGE_VERSION='1.0.4'
PATH_SEPARATOR=':'
PKG_CFLAGS='  '
PKG_HEADERS=' generic/fakemysql.h generic/mysqlStubs.h'
PKG_INCLUDES=' -I/Users/light/Documents/2017summer/text_analysis/external_data/WordNet-3.0/tcl8.6.6/pkgs/tdbc1.0.4/generic'
PKG_LIBS=' -L/Users/light/Documents/2017summer/text_analysis/external_data/WordNet-3.0/tcl8.6.6/unix/pkgs/tdbc1.0.4 -ltdbcstub1.0.4 -L/Users/light/Documents/2017summer/text_analysis/external_data/WordNet-3.0/tcl8.6.6/unix/pkgs/tdbc1.0.4 -ltdbcstub1.0.4'
PKG_LIB_FILE='libtdbcmysql1.0.4.dylib'
PKG_OBJECTS=' tdbcmysql.o mysqlStubInit.o'
PKG_SOURCES=' generic/tdbcmysql.c generic/mysqlStubInit.c'
PKG_STUB_LIB_FILE='libtdbcmysqlstub1.0.4.a'
PKG_STUB_OBJECTS=''
PKG_STUB_SOURCES=''
PKG_TCL_SOURCES=' library/tdbcmysql.tcl'
RANLIB=':'
RANLIB_STUB='ranlib'
RC=''
SET_MAKE=''
SHARED_BUILD='1'
SHELL='/bin/sh'
SHLIB_CFLAGS='-fno-common'
SHLIB_LD='${CC} -dynamiclib ${CFLAGS} ${LDFLAGS_DEFAULT} -Wl,-single_module -current_version 1.0.4 -compatibility_version 1.0.4'
SHLIB_LD_LIBS='${LIBS} -L/Users/light/Documents/2017summer/text_analysis/external_data/WordNet-3.0/tcl8.6.6/unix -ltclstub8.6'
STLIB_LD='${AR} cr'
TCLSH_PROG='/Users/light/Documents/2017summer/text_analysis/external_data/WordNet-3.0/tcl8.6.6/unix/tclsh'
TCL_BIN_DIR='/Users/light/Documents/2017summer/text_analysis/external_data/WordNet-3.0/tcl8.6.6/unix'
TCL_DBGX=''
TCL_DEFS='-DPACKAGE_NAME=\"tcl\" -DPACKAGE_TARNAME=\"tcl\" -DPACKAGE_VERSION=\"8.6\" -DPACKAGE_STRING=\"tcl\ 8.6\" -DPACKAGE_BUGREPORT=\"\" -DSTDC_HEADERS=1 -DHAVE_SYS_TYPES_H=1 -DHAVE_SYS_STAT_H=1 -DHAVE_STDLIB_H=1 -DHAVE_STRING_H=1 -DHAVE_MEMORY_H=1 -DHAVE_STRINGS_H=1 -DHAVE_INTTYPES_H=1 -DHAVE_STDINT_H=1 -DHAVE_UNISTD_H=1 -DNO_VALUES_H=1 -DHAVE_SYS_PARAM_H=1 -DUSE_THREAD_ALLOC=1 -D_REENTRANT=1 -D_THREAD_SAFE=1 -DHAVE_PTHREAD_ATTR_SETSTACKSIZE=1 -DHAVE_PTHREAD_ATFORK=1 -DTCL_THREADS=1 -DTCL_CFGVAL_ENCODING=\"iso8859-1\" -DHAVE_ZLIB=1 -DMODULE_SCOPE=extern\ __attribute__\(\(__visibility__\(\"hidden\"\)\)\) -DHAVE_HIDDEN=1 -DMAC_OSX_TCL=1 -DHAVE_COREFOUNDATION=1 -DHAVE_CAST_TO_UNION=1 -DTCL_SHLIB_EXT=\".dylib\" -DNDEBUG=1 -DTCL_CFG_OPTIMIZED=1 -DTCL_TOMMATH=1 -DMP_PREC=4 -DTCL_WIDE_INT_IS_LONG=1 -DHAVE_GETCWD=1 -DHAVE_MKSTEMP=1 -DHAVE_OPENDIR=1 -DHAVE_STRTOL=1 -DHAVE_WAITPID=1 -DHAVE_GETNAMEINFO=1 -DHAVE_GETADDRINFO=1 -DHAVE_FREEADDRINFO=1 -DHAVE_GAI_STRERROR=1 -DHAVE_STRUCT_ADDRINFO=1 -DHAVE_STRUCT_IN6_ADDR=1 -DHAVE_STRUCT_SOCKADDR_IN6=1 -DHAVE_STRUCT_SOCKADDR_STORAGE=1 -DHAVE_GETPWUID_R_5=1 -DHAVE_GETPWUID_R=1 -DHAVE_GETPWNAM_R_5=1 -DHAVE_GETPWNAM_R=1 -DHAVE_GETGRGID_R_5=1 -DHAVE_GETGRGID_R=1 -DHAVE_GETGRNAM_R_5=1 -DHAVE_GETGRNAM_R=1 -DHAVE_MTSAFE_GETHOSTBYNAME=1 -DHAVE_MTSAFE_GETHOSTBYADDR=1 -DHAVE_TERMIOS_H=1 -DHAVE_SYS_IOCTL_H=1 -DHAVE_SYS_TIME_H=1 -DTIME_WITH_SYS_TIME=1 -DHAVE_GMTIME_R=1 -DHAVE_LOCALTIME_R=1 -DHAVE_MKTIME=1 -DHAVE_TM_GMTOFF=1 -DHAVE_TIMEZONE_VAR=1 -DHAVE_STRUCT_STAT_ST_BLOCKS=1 -DHAVE_STRUCT_STAT_ST_BLKSIZE=1 -DHAVE_BLKCNT_T=1 -DHAVE_INTPTR_T=1 -DHAVE_UINTPTR_T=1 -DHAVE_SIGNED_CHAR=1 -DHAVE_LANGINFO=1 -DHAVE_CHFLAGS=1 -DHAVE_MKSTEMPS=1 -DHAVE_GETATTRLIST=1 -DHAVE_COPYFILE_H=1 -DHAVE_COPYFILE=1 -DHAVE_LIBKERN_OSATOMIC_H=1 -DHAVE_OSSPINLOCKLOCK=1 -DUSE_VFORK=1 -DTCL_DEFAULT_ENCODING=\"utf-8\" -DTCL_LOAD_FROM_MEMORY=1 -DTCL_WIDE_CLICKS=1 -DHAVE_AVAILABILITYMACROS_H=1 -DHAVE_WEAK_IMPORT=1 -D_DARWIN_C_SOURCE=1 -DHAVE_FTS=1 -DHAVE_SYS_IOCTL_H=1 -DHAVE_SYS_FILIO_H=1 -DTCL_UNLOAD_DLLS=1 -DHAVE_CPUID=1 '
TCL_EXTRA_CFLAGS='-pipe   '
TCL_INCLUDES='-I"/Users/light/Documents/2017summer/text_analysis/external_data/WordNet-3.0/tcl8.6.6/generic"'
TCL_LD_FLAGS=' -prebind -headerpad_max_install_names -Wl,-search_paths_first '
TCL_LIBS='${DL_LIBS} ${LIBS} ${MATH_LIBS}'
TCL_LIB_FILE='libtcl8.6.dylib'
TCL_LIB_FLAG='-ltcl8.6'
TCL_LIB_SPEC='-L/Users/light/Documents/2017summer/text_analysis/external_data/WordNet-3.0/tcl8.6.6/unix -ltcl8.6'
TCL_PATCH_LEVEL='.6'
TCL_SHLIB_LD_LIBS='${LIBS}'
TCL_SRC_DIR='/Users/light/Documents/2017summer/text_analysis/external_data/WordNet-3.0/tcl8.6.6'
TCL_STUB_LIB_FILE='libtclstub8.6.a'
TCL_STUB_LIB_FLAG='-ltclstub8.6'
TCL_STUB_LIB_SPEC='-L/Users/light/Documents/2017summer/text_analysis/external_data/WordNet-3.0/tcl8.6.6/unix -ltclstub8.6'
TCL_THREADS='1'
TCL_VERSION='8.6'
TCL_VERSION_REQ='8.6'
TDBC_LIB_FILE='libtdbc1.0.4.dylib'
TDBC_VERSION='1.0.4'
VC_MANIFEST_EMBED_DLL=''
VC_MANIFEST_EMBED_EXE=''
ac_ct_CC='gcc'
bindir='${exec_prefix}/bin'
build_alias='options'
datadir='${datarootdir}'
datarootdir='${prefix}/share'
docdir='${datarootdir}/doc/${PACKAGE_TARNAME}'
dvidir='${docdir}'
exec_prefix='/usr/local'
host_alias='options'
htmldir='${docdir}'
includedir='${prefix}/include'
infodir='${datarootdir}/info'
libdir='/usr/local/lib'
libexecdir='${exec_prefix}/libexec'
localedir='${datarootdir}/locale'
localstatedir='${prefix}/var'
mandir='${datarootdir}/man'
oldincludedir='/usr/include'
pdfdir='${docdir}'
prefix='/usr/local'
program_transform_name='s,x,x,'
psdir='${docdir}'
sbindir='${exec_prefix}/sbin'
sharedstatedir='${prefix}/com'
sysconfdir='${prefix}/etc'
target_alias='options'
tdbc_BIN_DIR='/Users/light/Documents/2017summer/text_analysis/external_data/WordNet-3.0/tcl8.6.6/unix/pkgs/tdbc1.0.4'
tdbc_LIBRARY_PATH='/Users/light/Documents/2017summer/text_analysis/external_data/WordNet-3.0/tcl8.6.6/pkgs/tdbc1.0.4/library'
tdbc_LIB_FILE='libtdbc1.0.4.dylib'
tdbc_LIB_SPEC='-L/usr/local/lib/tdbc1.0.4 -ltdbc1.0.4'
tdbc_SRC_DIR='/Users/light/Documents/2017summer/text_analysis/external_data/WordNet-3.0/tcl8.6.6/pkgs/tdbc1.0.4'
tdbc_STUB_LIB_FILE='libtdbcstub1.0.4.a'
tdbc_STUB_LIB_PATH='/Users/light/Documents/2017summer/text_analysis/external_data/WordNet-3.0/tcl8.6.6/unix/pkgs/tdbc1.0.4/libtdbcstub1.0.4.a'
tdbc_STUB_LIB_SPEC='-L/Users/light/Documents/2017summer/text_analysis/external_data/WordNet-3.0/tcl8.6.6/unix/pkgs/tdbc1.0.4 -ltdbcstub1.0.4'
tdbc_VERSION='1.0.4'

## ----------- ##
## confdefs.h. ##
## ----------- ##

/* confdefs.h */
#define PACKAGE_NAME "tdbcmysql"
#define PACKAGE_TARNAME "tdbcmysql"
#define PACKAGE_VERSION "1.0.4"
#define PACKAGE_STRING "tdbcmysql 1.0.4"
#define PACKAGE_BUGREPORT ""
#define PACKAGE_URL ""
#define BUILD_tdbcmysql /**/
#define STDC_HEADERS 1
#define HAVE_SYS_TYPES_H 1
#define HAVE_SYS_STAT_H 1
#define HAVE_STDLIB_H 1
#define HAVE_STRING_H 1
#define HAVE_MEMORY_H 1
#define HAVE_STRINGS_H 1
#define HAVE_INTTYPES_H 1
#define HAVE_STDINT_H 1
#define HAVE_UNISTD_H 1
#define NO_VALUES_H 1
#define HAVE_LIMITS_H 1
#define HAVE_SYS_PARAM_H 1
#define HAVE_LONG_LONG 1
#define SIZEOF_LONG_LONG 8
#define SIZEOF_LONG 8
#define DONT_TD_VOID 1
#define USE_THREAD_ALLOC 1
#define _REENTRANT 1
#define _THREAD_SAFE 1
#define TCL_THREADS 1
#define MODULE_SCOPE extern __attribute__((__visibility__("hidden")))
#define HAVE_HIDDEN 1
#define HAVE_CAST_TO_UNION 1
#define TCL_WIDE_INT_IS_LONG 1
#define USE_TCL_STUBS 1

configure: exit 0
