This file contains any messages produced by compilers while
running configure, to aid debugging if configure makes a mistake.

It was created by tcl configure 8.6, which was
generated by GNU Autoconf 2.59.  Invocation command line was

  $ ./configure options

## --------- ##
## Platform. ##
## --------- ##

hostname = guangdeMacBook-Pro.local
uname -m = x86_64
uname -r = 14.5.0
uname -s = Darwin
uname -v = Darwin Kernel Version 14.5.0: Thu Jun 16 19:58:21 PDT 2016; root:xnu-2782.50.4~1/RELEASE_X86_64

/usr/bin/uname -p = i386
/bin/uname -X     = unknown

/bin/arch              = unknown
/usr/bin/arch -k       = unknown
/usr/convex/getsysinfo = unknown
hostinfo               = Mach kernel version:
	 Darwin Kernel Version 14.5.0: Thu Jun 16 19:58:21 PDT 2016; root:xnu-2782.50.4~1/RELEASE_X86_64
Kernel configured for up to 4 processors.
2 processors are physically available.
4 processors are logically available.
Processor type: x86_64h (Intel x86-64h Haswell)
Processors active: 0 1 2 3
Primary memory available: 8.00 gigabytes
Default processor set: 202 tasks, 1019 threads, 4 processors
Load average: 1.69, Mach factor: 2.33
/bin/machine           = unknown
/usr/bin/oslevel       = unknown
/bin/universe          = unknown

PATH: /Users/light/Documents/2017summer/CrowdFundingCampaignSuccess/Code/Python/Text_Mining/stanford-postagger-full-2017-06-09
PATH: /usr/local/bin
PATH: /usr/local/bin
PATH: /Users/light/Document/leetcode
PATH: /Users/light/anaconda/bin
PATH: /Users/light/Documents/anaconda/bin
PATH: //anaconda/bin
PATH: /Users/light/anaconda/bin
PATH: /usr/local/bin
PATH: /usr/bin
PATH: /bin
PATH: /usr/sbin
PATH: /sbin
PATH: /opt/X11/bin
PATH: /Library/TeX/texbin


## ----------- ##
## Core tests. ##
## ----------- ##

configure:1385: checking whether to use symlinks for manpages
configure:1394: result: no
configure:1397: checking whether to compress the manpages
configure:1412: result: no
configure:1426: checking whether to add a package name suffix for the manpages
configure:1439: result: no
configure:1463: checking for options-gcc
configure:1492: result: no
configure:1501: checking for gcc
configure:1517: found /usr/bin/gcc
configure:1527: result: gcc
configure:1771: checking for C compiler version
configure:1774: gcc --version </dev/null >&5
Configured with: --prefix=/Library/Developer/CommandLineTools/usr --with-gxx-include-dir=/usr/include/c++/4.2.1
Apple LLVM version 7.0.2 (clang-700.1.81)
Target: x86_64-apple-darwin14.5.0
Thread model: posix
configure:1777: $? = 0
configure:1779: gcc -v </dev/null >&5
Configured with: --prefix=/Library/Developer/CommandLineTools/usr --with-gxx-include-dir=/usr/include/c++/4.2.1
Apple LLVM version 7.0.2 (clang-700.1.81)
Target: x86_64-apple-darwin14.5.0
Thread model: posix
configure:1782: $? = 0
configure:1784: gcc -V </dev/null >&5
clang: error: argument to '-V' is missing (expected 1 value)
clang: error: no input files
configure:1787: $? = 1
configure:1810: checking for C compiler default output file name
configure:1813: gcc    conftest.c  >&5
configure:1816: $? = 0
configure:1862: result: a.out
configure:1867: checking whether the C compiler works
configure:1873: ./a.out
configure:1876: $? = 0
configure:1893: result: yes
configure:1900: checking whether we are cross compiling
configure:1902: result: no
configure:1905: checking for suffix of executables
configure:1907: gcc -o conftest    conftest.c  >&5
configure:1910: $? = 0
configure:1935: result: 
configure:1941: checking for suffix of object files
configure:1962: gcc -c   conftest.c >&5
configure:1965: $? = 0
configure:1987: result: o
configure:1991: checking whether we are using the GNU C compiler
configure:2015: gcc -c   conftest.c >&5
configure:2021: $? = 0
configure:2025: test -z 
			 || test ! -s conftest.err
configure:2028: $? = 0
configure:2031: test -s conftest.o
configure:2034: $? = 0
configure:2047: result: yes
configure:2053: checking whether gcc accepts -g
configure:2074: gcc -c -g  conftest.c >&5
configure:2080: $? = 0
configure:2084: test -z 
			 || test ! -s conftest.err
configure:2087: $? = 0
configure:2090: test -s conftest.o
configure:2093: $? = 0
configure:2104: result: yes
configure:2121: checking for gcc option to accept ANSI C
configure:2191: gcc  -c   conftest.c >&5
configure:2197: $? = 0
configure:2201: test -z 
			 || test ! -s conftest.err
configure:2204: $? = 0
configure:2207: test -s conftest.o
configure:2210: $? = 0
configure:2228: result: none needed
configure:2246: gcc -c   conftest.c >&5
conftest.c:2:3: error: unknown type name 'choke'
  choke me
  ^
conftest.c:2:11: error: expected ';' after top level declarator
  choke me
          ^
          ;
2 errors generated.
configure:2252: $? = 1
configure: failed program was:
| #ifndef __cplusplus
|   choke me
| #endif
configure:2386: checking for inline
configure:2407: gcc -c   conftest.c >&5
configure:2413: $? = 0
configure:2417: test -z 
			 || test ! -s conftest.err
configure:2420: $? = 0
configure:2423: test -s conftest.o
configure:2426: $? = 0
configure:2438: result: inline
configure:2472: checking how to run the C preprocessor
configure:2507: gcc -E  conftest.c
configure:2513: $? = 0
configure:2545: gcc -E  conftest.c
conftest.c:9:10: fatal error: 'ac_nonexistent.h' file not found
#include <ac_nonexistent.h>
         ^
1 error generated.
configure:2551: $? = 1
configure: failed program was:
| /* confdefs.h.  */
| 
| #define PACKAGE_NAME "tcl"
| #define PACKAGE_TARNAME "tcl"
| #define PACKAGE_VERSION "8.6"
| #define PACKAGE_STRING "tcl 8.6"
| #define PACKAGE_BUGREPORT ""
| /* end confdefs.h.  */
| #include <ac_nonexistent.h>
configure:2590: result: gcc -E
configure:2614: gcc -E  conftest.c
configure:2620: $? = 0
configure:2652: gcc -E  conftest.c
conftest.c:9:10: fatal error: 'ac_nonexistent.h' file not found
#include <ac_nonexistent.h>
         ^
1 error generated.
configure:2658: $? = 1
configure: failed program was:
| /* confdefs.h.  */
| 
| #define PACKAGE_NAME "tcl"
| #define PACKAGE_TARNAME "tcl"
| #define PACKAGE_VERSION "8.6"
| #define PACKAGE_STRING "tcl 8.6"
| #define PACKAGE_BUGREPORT ""
| /* end confdefs.h.  */
| #include <ac_nonexistent.h>
configure:2702: checking for egrep
configure:2712: result: grep -E
configure:2717: checking for ANSI C header files
configure:2742: gcc -c   conftest.c >&5
configure:2748: $? = 0
configure:2752: test -z 
			 || test ! -s conftest.err
configure:2755: $? = 0
configure:2758: test -s conftest.o
configure:2761: $? = 0
configure:2850: gcc -o conftest    conftest.c  >&5
conftest.c:26:7: warning: implicitly declaring library function 'exit' with type 'void (int) __attribute__((noreturn))'
      exit(2);
      ^
conftest.c:26:7: note: include the header <stdlib.h> or explicitly provide a declaration for 'exit'
1 warning generated.
configure:2853: $? = 0
configure:2855: ./conftest
configure:2858: $? = 0
configure:2873: result: yes
configure:2897: checking for sys/types.h
configure:2913: gcc -c   conftest.c >&5
configure:2919: $? = 0
configure:2923: test -z 
			 || test ! -s conftest.err
configure:2926: $? = 0
configure:2929: test -s conftest.o
configure:2932: $? = 0
configure:2943: result: yes
configure:2897: checking for sys/stat.h
configure:2913: gcc -c   conftest.c >&5
configure:2919: $? = 0
configure:2923: test -z 
			 || test ! -s conftest.err
configure:2926: $? = 0
configure:2929: test -s conftest.o
configure:2932: $? = 0
configure:2943: result: yes
configure:2897: checking for stdlib.h
configure:2913: gcc -c   conftest.c >&5
configure:2919: $? = 0
configure:2923: test -z 
			 || test ! -s conftest.err
configure:2926: $? = 0
configure:2929: test -s conftest.o
configure:2932: $? = 0
configure:2943: result: yes
configure:2897: checking for string.h
configure:2913: gcc -c   conftest.c >&5
configure:2919: $? = 0
configure:2923: test -z 
			 || test ! -s conftest.err
configure:2926: $? = 0
configure:2929: test -s conftest.o
configure:2932: $? = 0
configure:2943: result: yes
configure:2897: checking for memory.h
configure:2913: gcc -c   conftest.c >&5
configure:2919: $? = 0
configure:2923: test -z 
			 || test ! -s conftest.err
configure:2926: $? = 0
configure:2929: test -s conftest.o
configure:2932: $? = 0
configure:2943: result: yes
configure:2897: checking for strings.h
configure:2913: gcc -c   conftest.c >&5
configure:2919: $? = 0
configure:2923: test -z 
			 || test ! -s conftest.err
configure:2926: $? = 0
configure:2929: test -s conftest.o
configure:2932: $? = 0
configure:2943: result: yes
configure:2897: checking for inttypes.h
configure:2913: gcc -c   conftest.c >&5
configure:2919: $? = 0
configure:2923: test -z 
			 || test ! -s conftest.err
configure:2926: $? = 0
configure:2929: test -s conftest.o
configure:2932: $? = 0
configure:2943: result: yes
configure:2897: checking for stdint.h
configure:2913: gcc -c   conftest.c >&5
configure:2919: $? = 0
configure:2923: test -z 
			 || test ! -s conftest.err
configure:2926: $? = 0
configure:2929: test -s conftest.o
configure:2932: $? = 0
configure:2943: result: yes
configure:2897: checking for unistd.h
configure:2913: gcc -c   conftest.c >&5
configure:2919: $? = 0
configure:2923: test -z 
			 || test ! -s conftest.err
configure:2926: $? = 0
configure:2929: test -s conftest.o
configure:2932: $? = 0
configure:2943: result: yes
configure:2956: checking dirent.h
configure:2997: gcc -o conftest    conftest.c  >&5
configure:3003: $? = 0
configure:3007: test -z 
			 || test ! -s conftest.err
configure:3010: $? = 0
configure:3013: test -s conftest
configure:3016: $? = 0
configure:3028: result: yes
configure:3049: checking float.h usability
configure:3061: gcc -c   conftest.c >&5
configure:3067: $? = 0
configure:3071: test -z 
			 || test ! -s conftest.err
configure:3074: $? = 0
configure:3077: test -s conftest.o
configure:3080: $? = 0
configure:3090: result: yes
configure:3094: checking float.h presence
configure:3104: gcc -E  conftest.c
configure:3110: $? = 0
configure:3130: result: yes
configure:3165: checking for float.h
configure:3172: result: yes
configure:3197: checking values.h usability
configure:3209: gcc -c   conftest.c >&5
conftest.c:53:10: fatal error: 'values.h' file not found
#include <values.h>
         ^
1 error generated.
configure:3215: $? = 1
configure: failed program was:
| /* confdefs.h.  */
| 
| #define PACKAGE_NAME "tcl"
| #define PACKAGE_TARNAME "tcl"
| #define PACKAGE_VERSION "8.6"
| #define PACKAGE_STRING "tcl 8.6"
| #define PACKAGE_BUGREPORT ""
| #define STDC_HEADERS 1
| #define HAVE_SYS_TYPES_H 1
| #define HAVE_SYS_STAT_H 1
| #define HAVE_STDLIB_H 1
| #define HAVE_STRING_H 1
| #define HAVE_MEMORY_H 1
| #define HAVE_STRINGS_H 1
| #define HAVE_INTTYPES_H 1
| #define HAVE_STDINT_H 1
| #define HAVE_UNISTD_H 1
| /* end confdefs.h.  */
| #include <stdio.h>
| #if HAVE_SYS_TYPES_H
| # include <sys/types.h>
| #endif
| #if HAVE_SYS_STAT_H
| # include <sys/stat.h>
| #endif
| #if STDC_HEADERS
| # include <stdlib.h>
| # include <stddef.h>
| #else
| # if HAVE_STDLIB_H
| #  include <stdlib.h>
| # endif
| #endif
| #if HAVE_STRING_H
| # if !STDC_HEADERS && HAVE_MEMORY_H
| #  include <memory.h>
| # endif
| # include <string.h>
| #endif
| #if HAVE_STRINGS_H
| # include <strings.h>
| #endif
| #if HAVE_INTTYPES_H
| # include <inttypes.h>
| #else
| # if HAVE_STDINT_H
| #  include <stdint.h>
| # endif
| #endif
| #if HAVE_UNISTD_H
| # include <unistd.h>
| #endif
| #include <values.h>
configure:3238: result: no
configure:3242: checking values.h presence
configure:3252: gcc -E  conftest.c
conftest.c:19:10: fatal error: 'values.h' file not found
#include <values.h>
         ^
1 error generated.
configure:3258: $? = 1
configure: failed program was:
| /* confdefs.h.  */
| 
| #define PACKAGE_NAME "tcl"
| #define PACKAGE_TARNAME "tcl"
| #define PACKAGE_VERSION "8.6"
| #define PACKAGE_STRING "tcl 8.6"
| #define PACKAGE_BUGREPORT ""
| #define STDC_HEADERS 1
| #define HAVE_SYS_TYPES_H 1
| #define HAVE_SYS_STAT_H 1
| #define HAVE_STDLIB_H 1
| #define HAVE_STRING_H 1
| #define HAVE_MEMORY_H 1
| #define HAVE_STRINGS_H 1
| #define HAVE_INTTYPES_H 1
| #define HAVE_STDINT_H 1
| #define HAVE_UNISTD_H 1
| /* end confdefs.h.  */
| #include <values.h>
configure:3278: result: no
configure:3313: checking for values.h
configure:3320: result: no
configure:3336: checking for stdlib.h
configure:3341: result: yes
configure:3538: checking for string.h
configure:3543: result: yes
configure:3737: checking sys/wait.h usability
configure:3749: gcc -c   conftest.c >&5
configure:3755: $? = 0
configure:3759: test -z 
			 || test ! -s conftest.err
configure:3762: $? = 0
configure:3765: test -s conftest.o
configure:3768: $? = 0
configure:3778: result: yes
configure:3782: checking sys/wait.h presence
configure:3792: gcc -E  conftest.c
configure:3798: $? = 0
configure:3818: result: yes
configure:3853: checking for sys/wait.h
configure:3860: result: yes
configure:3885: checking dlfcn.h usability
configure:3897: gcc -c   conftest.c >&5
configure:3903: $? = 0
configure:3907: test -z 
			 || test ! -s conftest.err
configure:3910: $? = 0
configure:3913: test -s conftest.o
configure:3916: $? = 0
configure:3926: result: yes
configure:3930: checking dlfcn.h presence
configure:3940: gcc -E  conftest.c
configure:3946: $? = 0
configure:3966: result: yes
configure:4001: checking for dlfcn.h
configure:4008: result: yes
configure:4039: checking sys/param.h usability
configure:4051: gcc -c   conftest.c >&5
configure:4057: $? = 0
configure:4061: test -z 
			 || test ! -s conftest.err
configure:4064: $? = 0
configure:4067: test -s conftest.o
configure:4070: $? = 0
configure:4080: result: yes
configure:4084: checking sys/param.h presence
configure:4094: gcc -E  conftest.c
configure:4100: $? = 0
configure:4120: result: yes
configure:4155: checking for sys/param.h
configure:4162: result: yes
configure:4189: checking if the compiler understands -pipe
configure:4212: gcc -c  -pipe  conftest.c >&5
configure:4218: $? = 0
configure:4222: test -z 
			 || test ! -s conftest.err
configure:4225: $? = 0
configure:4228: test -s conftest.o
configure:4231: $? = 0
configure:4243: result: yes
configure:4293: checking for pthread_mutex_init in -lpthread
configure:4323: gcc -o conftest  -pipe   conftest.c -lpthread   >&5
configure:4329: $? = 0
configure:4333: test -z 
			 || test ! -s conftest.err
configure:4336: $? = 0
configure:4339: test -s conftest
configure:4342: $? = 0
configure:4355: result: yes
configure:4682: checking for pthread_attr_setstacksize
configure:4739: gcc -o conftest  -pipe   conftest.c   -lpthread >&5
configure:4745: $? = 0
configure:4749: test -z 
			 || test ! -s conftest.err
configure:4752: $? = 0
configure:4755: test -s conftest
configure:4758: $? = 0
configure:4770: result: yes
configure:4682: checking for pthread_atfork
configure:4739: gcc -o conftest  -pipe   conftest.c   -lpthread >&5
configure:4745: $? = 0
configure:4749: test -z 
			 || test ! -s conftest.err
configure:4752: $? = 0
configure:4755: test -s conftest
configure:4758: $? = 0
configure:4770: result: yes
configure:4785: checking for building with threads
configure:4797: result: yes
configure:4847: checking for sin
configure:4904: gcc -o conftest  -pipe   conftest.c  >&5
conftest.c:52:6: warning: incompatible redeclaration of library function 'sin' [-Wincompatible-library-redeclaration]
char sin ();
     ^
conftest.c:52:6: note: 'sin' is a builtin with type 'double (double)'
1 warning generated.
configure:4910: $? = 0
configure:4914: test -z 
			 || test ! -s conftest.err
configure:4917: $? = 0
configure:4920: test -s conftest
configure:4923: $? = 0
configure:4935: result: yes
configure:4943: checking for main in -lieee
configure:4967: gcc -o conftest  -pipe   conftest.c -lieee   >&5
ld: library not found for -lieee
clang: error: linker command failed with exit code 1 (use -v to see invocation)
configure:4973: $? = 1
configure: failed program was:
| /* confdefs.h.  */
| 
| #define PACKAGE_NAME "tcl"
| #define PACKAGE_TARNAME "tcl"
| #define PACKAGE_VERSION "8.6"
| #define PACKAGE_STRING "tcl 8.6"
| #define PACKAGE_BUGREPORT ""
| #define STDC_HEADERS 1
| #define HAVE_SYS_TYPES_H 1
| #define HAVE_SYS_STAT_H 1
| #define HAVE_STDLIB_H 1
| #define HAVE_STRING_H 1
| #define HAVE_MEMORY_H 1
| #define HAVE_STRINGS_H 1
| #define HAVE_INTTYPES_H 1
| #define HAVE_STDINT_H 1
| #define HAVE_UNISTD_H 1
| #define NO_VALUES_H 1
| #define HAVE_SYS_PARAM_H 1
| #define USE_THREAD_ALLOC 1
| #define _REENTRANT 1
| #define _THREAD_SAFE 1
| #define HAVE_PTHREAD_ATTR_SETSTACKSIZE 1
| #define HAVE_PTHREAD_ATFORK 1
| #define TCL_THREADS 1
| #define TCL_CFGVAL_ENCODING "iso8859-1"
| /* end confdefs.h.  */
| 
| 
| int
| main ()
| {
| main ();
|   ;
|   return 0;
| }
configure:4999: result: no
configure:5011: checking for main in -linet
configure:5035: gcc -o conftest  -pipe   conftest.c -linet   >&5
ld: library not found for -linet
clang: error: linker command failed with exit code 1 (use -v to see invocation)
configure:5041: $? = 1
configure: failed program was:
| /* confdefs.h.  */
| 
| #define PACKAGE_NAME "tcl"
| #define PACKAGE_TARNAME "tcl"
| #define PACKAGE_VERSION "8.6"
| #define PACKAGE_STRING "tcl 8.6"
| #define PACKAGE_BUGREPORT ""
| #define STDC_HEADERS 1
| #define HAVE_SYS_TYPES_H 1
| #define HAVE_SYS_STAT_H 1
| #define HAVE_STDLIB_H 1
| #define HAVE_STRING_H 1
| #define HAVE_MEMORY_H 1
| #define HAVE_STRINGS_H 1
| #define HAVE_INTTYPES_H 1
| #define HAVE_STDINT_H 1
| #define HAVE_UNISTD_H 1
| #define NO_VALUES_H 1
| #define HAVE_SYS_PARAM_H 1
| #define USE_THREAD_ALLOC 1
| #define _REENTRANT 1
| #define _THREAD_SAFE 1
| #define HAVE_PTHREAD_ATTR_SETSTACKSIZE 1
| #define HAVE_PTHREAD_ATFORK 1
| #define TCL_THREADS 1
| #define TCL_CFGVAL_ENCODING "iso8859-1"
| /* end confdefs.h.  */
| 
| 
| int
| main ()
| {
| main ();
|   ;
|   return 0;
| }
configure:5067: result: no
configure:5083: checking net/errno.h usability
configure:5095: gcc -c  -pipe  conftest.c >&5
conftest.c:62:10: fatal error: 'net/errno.h' file not found
#include <net/errno.h>
         ^
1 error generated.
configure:5101: $? = 1
configure: failed program was:
| /* confdefs.h.  */
| 
| #define PACKAGE_NAME "tcl"
| #define PACKAGE_TARNAME "tcl"
| #define PACKAGE_VERSION "8.6"
| #define PACKAGE_STRING "tcl 8.6"
| #define PACKAGE_BUGREPORT ""
| #define STDC_HEADERS 1
| #define HAVE_SYS_TYPES_H 1
| #define HAVE_SYS_STAT_H 1
| #define HAVE_STDLIB_H 1
| #define HAVE_STRING_H 1
| #define HAVE_MEMORY_H 1
| #define HAVE_STRINGS_H 1
| #define HAVE_INTTYPES_H 1
| #define HAVE_STDINT_H 1
| #define HAVE_UNISTD_H 1
| #define NO_VALUES_H 1
| #define HAVE_SYS_PARAM_H 1
| #define USE_THREAD_ALLOC 1
| #define _REENTRANT 1
| #define _THREAD_SAFE 1
| #define HAVE_PTHREAD_ATTR_SETSTACKSIZE 1
| #define HAVE_PTHREAD_ATFORK 1
| #define TCL_THREADS 1
| #define TCL_CFGVAL_ENCODING "iso8859-1"
| /* end confdefs.h.  */
| #include <stdio.h>
| #if HAVE_SYS_TYPES_H
| # include <sys/types.h>
| #endif
| #if HAVE_SYS_STAT_H
| # include <sys/stat.h>
| #endif
| #if STDC_HEADERS
| # include <stdlib.h>
| # include <stddef.h>
| #else
| # if HAVE_STDLIB_H
| #  include <stdlib.h>
| # endif
| #endif
| #if HAVE_STRING_H
| # if !STDC_HEADERS && HAVE_MEMORY_H
| #  include <memory.h>
| # endif
| # include <string.h>
| #endif
| #if HAVE_STRINGS_H
| # include <strings.h>
| #endif
| #if HAVE_INTTYPES_H
| # include <inttypes.h>
| #else
| # if HAVE_STDINT_H
| #  include <stdint.h>
| # endif
| #endif
| #if HAVE_UNISTD_H
| # include <unistd.h>
| #endif
| #include <net/errno.h>
configure:5124: result: no
configure:5128: checking net/errno.h presence
configure:5138: gcc -E  conftest.c
conftest.c:28:10: fatal error: 'net/errno.h' file not found
#include <net/errno.h>
         ^
1 error generated.
configure:5144: $? = 1
configure: failed program was:
| /* confdefs.h.  */
| 
| #define PACKAGE_NAME "tcl"
| #define PACKAGE_TARNAME "tcl"
| #define PACKAGE_VERSION "8.6"
| #define PACKAGE_STRING "tcl 8.6"
| #define PACKAGE_BUGREPORT ""
| #define STDC_HEADERS 1
| #define HAVE_SYS_TYPES_H 1
| #define HAVE_SYS_STAT_H 1
| #define HAVE_STDLIB_H 1
| #define HAVE_STRING_H 1
| #define HAVE_MEMORY_H 1
| #define HAVE_STRINGS_H 1
| #define HAVE_INTTYPES_H 1
| #define HAVE_STDINT_H 1
| #define HAVE_UNISTD_H 1
| #define NO_VALUES_H 1
| #define HAVE_SYS_PARAM_H 1
| #define USE_THREAD_ALLOC 1
| #define _REENTRANT 1
| #define _THREAD_SAFE 1
| #define HAVE_PTHREAD_ATTR_SETSTACKSIZE 1
| #define HAVE_PTHREAD_ATFORK 1
| #define TCL_THREADS 1
| #define TCL_CFGVAL_ENCODING "iso8859-1"
| /* end confdefs.h.  */
| #include <net/errno.h>
configure:5164: result: no
configure:5199: checking for net/errno.h
configure:5206: result: no
configure:5240: checking for connect
configure:5297: gcc -o conftest  -pipe   conftest.c  >&5
configure:5303: $? = 0
configure:5307: test -z 
			 || test ! -s conftest.err
configure:5310: $? = 0
configure:5313: test -s conftest
configure:5316: $? = 0
configure:5328: result: yes
configure:5603: checking for gethostbyname
configure:5660: gcc -o conftest  -pipe   conftest.c  >&5
configure:5666: $? = 0
configure:5670: test -z 
			 || test ! -s conftest.err
configure:5673: $? = 0
configure:5676: test -s conftest
configure:5679: $? = 0
configure:5691: result: yes
configure:5772: checking how to build libraries
configure:5790: result: shared
configure:5812: checking for tclsh
configure:5836: result: /usr/local/bin/tclsh8.6
configure:5865: checking zlib.h usability
configure:5877: gcc -c  -pipe  conftest.c >&5
configure:5883: $? = 0
configure:5887: test -z 
			 || test ! -s conftest.err
configure:5890: $? = 0
configure:5893: test -s conftest.o
configure:5896: $? = 0
configure:5906: result: yes
configure:5910: checking zlib.h presence
configure:5920: gcc -E  conftest.c
configure:5926: $? = 0
configure:5946: result: yes
configure:5981: checking for zlib.h
configure:5988: result: yes
configure:5994: checking for gz_header
configure:6019: gcc -c  -pipe  conftest.c >&5
configure:6025: $? = 0
configure:6029: test -z 
			 || test ! -s conftest.err
configure:6032: $? = 0
configure:6035: test -s conftest.o
configure:6038: $? = 0
configure:6049: result: yes
configure:6065: checking for library containing deflateSetHeader
configure:6095: gcc -o conftest  -pipe   conftest.c  -lpthread >&5
Undefined symbols for architecture x86_64:
  "_deflateSetHeader", referenced from:
      _main in conftest-a67795.o
ld: symbol(s) not found for architecture x86_64
clang: error: linker command failed with exit code 1 (use -v to see invocation)
configure:6101: $? = 1
configure: failed program was:
| /* confdefs.h.  */
| 
| #define PACKAGE_NAME "tcl"
| #define PACKAGE_TARNAME "tcl"
| #define PACKAGE_VERSION "8.6"
| #define PACKAGE_STRING "tcl 8.6"
| #define PACKAGE_BUGREPORT ""
| #define STDC_HEADERS 1
| #define HAVE_SYS_TYPES_H 1
| #define HAVE_SYS_STAT_H 1
| #define HAVE_STDLIB_H 1
| #define HAVE_STRING_H 1
| #define HAVE_MEMORY_H 1
| #define HAVE_STRINGS_H 1
| #define HAVE_INTTYPES_H 1
| #define HAVE_STDINT_H 1
| #define HAVE_UNISTD_H 1
| #define NO_VALUES_H 1
| #define HAVE_SYS_PARAM_H 1
| #define USE_THREAD_ALLOC 1
| #define _REENTRANT 1
| #define _THREAD_SAFE 1
| #define HAVE_PTHREAD_ATTR_SETSTACKSIZE 1
| #define HAVE_PTHREAD_ATFORK 1
| #define TCL_THREADS 1
| #define TCL_CFGVAL_ENCODING "iso8859-1"
| /* end confdefs.h.  */
| 
| /* Override any gcc2 internal prototype to avoid an error.  */
| #ifdef __cplusplus
| extern "C"
| #endif
| /* We use char because int might match the return type of a gcc2
|    builtin and then its argument prototype would still apply.  */
| char deflateSetHeader ();
| int
| main ()
| {
| deflateSetHeader ();
|   ;
|   return 0;
| }
configure:6150: gcc -o conftest  -pipe   conftest.c -lz   -lpthread >&5
configure:6156: $? = 0
configure:6160: test -z 
			 || test ! -s conftest.err
configure:6163: $? = 0
configure:6166: test -s conftest
configure:6169: $? = 0
configure:6184: result: -lz
configure:6223: checking for options-ranlib
configure:6252: result: no
configure:6261: checking for ranlib
configure:6277: found /usr/bin/ranlib
configure:6288: result: ranlib
configure:6304: checking if 64bit support is requested
configure:6313: result: no
configure:6318: checking if 64bit Sparc VIS support is requested
configure:6327: result: no
configure:6338: checking if compiler supports visibility "hidden"
configure:6363: gcc -o conftest  -pipe -Werror   conftest.c -lz  -lpthread >&5
configure:6369: $? = 0
configure:6373: test -z 
			 || test ! -s conftest.err
configure:6376: $? = 0
configure:6379: test -s conftest
configure:6382: $? = 0
configure:6395: result: yes
configure:6415: checking if rpath support is requested
configure:6424: result: yes
configure:6431: checking system version
configure:6459: result: Darwin-14.5.0
configure:6467: checking for dlopen in -ldl
configure:6497: gcc -o conftest  -pipe   conftest.c -ldl  -lz  -lpthread >&5
configure:6503: $? = 0
configure:6507: test -z 
			 || test ! -s conftest.err
configure:6510: $? = 0
configure:6513: test -s conftest
configure:6516: $? = 0
configure:6529: result: yes
configure:6572: checking for options-ar
configure:6601: result: no
configure:6610: checking for ar
configure:6626: found /usr/bin/ar
configure:6636: result: ar
configure:7795: checking if ld accepts -single_module flag
configure:7819: gcc -o conftest -pipe     -dynamiclib -Wl,-single_module conftest.c -lz  -lpthread >&5
configure:7825: $? = 0
configure:7829: test -z 
			 || test ! -s conftest.err
configure:7832: $? = 0
configure:7835: test -s conftest
configure:7838: $? = 0
configure:7851: result: yes
configure:7870: checking if ld accepts -search_paths_first flag
configure:7894: gcc -o conftest -pipe     -prebind -headerpad_max_install_names -Wl,-search_paths_first conftest.c -lz  -lpthread >&5
configure:7900: $? = 0
configure:7904: test -z 
			 || test ! -s conftest.err
configure:7907: $? = 0
configure:7910: test -s conftest
configure:7913: $? = 0
configure:7926: result: yes
configure:7954: checking whether to use CoreFoundation
configure:7963: result: yes
configure:7967: checking for CoreFoundation.framework
configure:8002: gcc -o conftest -pipe     -prebind -headerpad_max_install_names -Wl,-search_paths_first conftest.c -lz  -lpthread -framework CoreFoundation >&5
configure:8008: $? = 0
configure:8012: test -z 
			 || test ! -s conftest.err
configure:8015: $? = 0
configure:8018: test -s conftest
configure:8021: $? = 0
configure:8041: result: yes
configure:8898: checking for cast to union support
configure:8922: gcc -c -pipe    conftest.c >&5
configure:8928: $? = 0
configure:8932: test -z 
			 || test ! -s conftest.err
configure:8935: $? = 0
configure:8938: test -s conftest.o
configure:8941: $? = 0
configure:8953: result: yes
configure:9005: checking for build with symbols
configure:9024: result: no
configure:9090: checking for required early compiler flags
configure:9113: gcc -c -pipe    conftest.c >&5
configure:9119: $? = 0
configure:9123: test -z 
			 || test ! -s conftest.err
configure:9126: $? = 0
configure:9129: test -s conftest.o
configure:9132: $? = 0
configure:9218: gcc -c -pipe    conftest.c >&5
conftest.c:43:28: warning: 'stat64' is deprecated: first deprecated in OS X 10.6 [-Wdeprecated-declarations]
struct stat64 buf; int i = stat64("/", &buf);
                           ^
/usr/include/sys/stat.h:391:5: note: 'stat64' has been explicitly marked deprecated here
int     stat64(const char *, struct stat64 *) __OSX_AVAILABLE_BUT_DEPRECATED(__MAC_10_5,__MAC_10_6,__IPHONE_NA,__IPHONE_NA);
        ^
1 warning generated.
configure:9224: $? = 0
configure:9228: test -z 
			 || test ! -s conftest.err
configure:9231: $? = 0
configure:9234: test -s conftest.o
configure:9237: $? = 0
configure:9323: gcc -c -pipe    conftest.c >&5
conftest.c:43:19: error: use of undeclared identifier 'open64'
char *p = (char *)open64;
                  ^
1 error generated.
configure:9329: $? = 1
configure: failed program was:
| /* confdefs.h.  */
| 
| #define PACKAGE_NAME "tcl"
| #define PACKAGE_TARNAME "tcl"
| #define PACKAGE_VERSION "8.6"
| #define PACKAGE_STRING "tcl 8.6"
| #define PACKAGE_BUGREPORT ""
| #define STDC_HEADERS 1
| #define HAVE_SYS_TYPES_H 1
| #define HAVE_SYS_STAT_H 1
| #define HAVE_STDLIB_H 1
| #define HAVE_STRING_H 1
| #define HAVE_MEMORY_H 1
| #define HAVE_STRINGS_H 1
| #define HAVE_INTTYPES_H 1
| #define HAVE_STDINT_H 1
| #define HAVE_UNISTD_H 1
| #define NO_VALUES_H 1
| #define HAVE_SYS_PARAM_H 1
| #define USE_THREAD_ALLOC 1
| #define _REENTRANT 1
| #define _THREAD_SAFE 1
| #define HAVE_PTHREAD_ATTR_SETSTACKSIZE 1
| #define HAVE_PTHREAD_ATFORK 1
| #define TCL_THREADS 1
| #define TCL_CFGVAL_ENCODING "iso8859-1"
| #define HAVE_ZLIB 1
| #define MODULE_SCOPE extern __attribute__((__visibility__("hidden")))
| #define HAVE_HIDDEN 1
| #define MAC_OSX_TCL 1
| #define HAVE_COREFOUNDATION 1
| #define HAVE_CAST_TO_UNION 1
| #define TCL_SHLIB_EXT ".dylib"
| #define NDEBUG 1
| #define TCL_CFG_OPTIMIZED 1
| #define TCL_TOMMATH 1
| #define MP_PREC 4
| /* end confdefs.h.  */
| #include <sys/stat.h>
| int
| main ()
| {
| char *p = (char *)open64;
|   ;
|   return 0;
| }
configure:9366: gcc -c -pipe    conftest.c >&5
conftest.c:44:19: error: use of undeclared identifier 'open64'
char *p = (char *)open64;
                  ^
1 error generated.
configure:9372: $? = 1
configure: failed program was:
| /* confdefs.h.  */
| 
| #define PACKAGE_NAME "tcl"
| #define PACKAGE_TARNAME "tcl"
| #define PACKAGE_VERSION "8.6"
| #define PACKAGE_STRING "tcl 8.6"
| #define PACKAGE_BUGREPORT ""
| #define STDC_HEADERS 1
| #define HAVE_SYS_TYPES_H 1
| #define HAVE_SYS_STAT_H 1
| #define HAVE_STDLIB_H 1
| #define HAVE_STRING_H 1
| #define HAVE_MEMORY_H 1
| #define HAVE_STRINGS_H 1
| #define HAVE_INTTYPES_H 1
| #define HAVE_STDINT_H 1
| #define HAVE_UNISTD_H 1
| #define NO_VALUES_H 1
| #define HAVE_SYS_PARAM_H 1
| #define USE_THREAD_ALLOC 1
| #define _REENTRANT 1
| #define _THREAD_SAFE 1
| #define HAVE_PTHREAD_ATTR_SETSTACKSIZE 1
| #define HAVE_PTHREAD_ATFORK 1
| #define TCL_THREADS 1
| #define TCL_CFGVAL_ENCODING "iso8859-1"
| #define HAVE_ZLIB 1
| #define MODULE_SCOPE extern __attribute__((__visibility__("hidden")))
| #define HAVE_HIDDEN 1
| #define MAC_OSX_TCL 1
| #define HAVE_COREFOUNDATION 1
| #define HAVE_CAST_TO_UNION 1
| #define TCL_SHLIB_EXT ".dylib"
| #define NDEBUG 1
| #define TCL_CFG_OPTIMIZED 1
| #define TCL_TOMMATH 1
| #define MP_PREC 4
| /* end confdefs.h.  */
| #define _LARGEFILE_SOURCE64 1
| #include <sys/stat.h>
| int
| main ()
| {
| char *p = (char *)open64;
|   ;
|   return 0;
| }
configure:9409: result: none
configure:9418: checking for 64-bit integer type
configure:9442: gcc -c -pipe    conftest.c >&5
conftest.c:43:1: error: use of undeclared identifier '__int64'
__int64 value = (__int64) 0;
^
1 error generated.
configure:9448: $? = 1
configure: failed program was:
| /* confdefs.h.  */
| 
| #define PACKAGE_NAME "tcl"
| #define PACKAGE_TARNAME "tcl"
| #define PACKAGE_VERSION "8.6"
| #define PACKAGE_STRING "tcl 8.6"
| #define PACKAGE_BUGREPORT ""
| #define STDC_HEADERS 1
| #define HAVE_SYS_TYPES_H 1
| #define HAVE_SYS_STAT_H 1
| #define HAVE_STDLIB_H 1
| #define HAVE_STRING_H 1
| #define HAVE_MEMORY_H 1
| #define HAVE_STRINGS_H 1
| #define HAVE_INTTYPES_H 1
| #define HAVE_STDINT_H 1
| #define HAVE_UNISTD_H 1
| #define NO_VALUES_H 1
| #define HAVE_SYS_PARAM_H 1
| #define USE_THREAD_ALLOC 1
| #define _REENTRANT 1
| #define _THREAD_SAFE 1
| #define HAVE_PTHREAD_ATTR_SETSTACKSIZE 1
| #define HAVE_PTHREAD_ATFORK 1
| #define TCL_THREADS 1
| #define TCL_CFGVAL_ENCODING "iso8859-1"
| #define HAVE_ZLIB 1
| #define MODULE_SCOPE extern __attribute__((__visibility__("hidden")))
| #define HAVE_HIDDEN 1
| #define MAC_OSX_TCL 1
| #define HAVE_COREFOUNDATION 1
| #define HAVE_CAST_TO_UNION 1
| #define TCL_SHLIB_EXT ".dylib"
| #define NDEBUG 1
| #define TCL_CFG_OPTIMIZED 1
| #define TCL_TOMMATH 1
| #define MP_PREC 4
| /* end confdefs.h.  */
| 
| int
| main ()
| {
| __int64 value = (__int64) 0;
|   ;
|   return 0;
| }
configure:9492: gcc -c -pipe    conftest.c >&5
conftest.c:44:26: error: duplicate case value '1'
            case 1: case (sizeof(long long)==sizeof(long)): ;
                         ^
conftest.c:44:18: note: previous case defined here
            case 1: case (sizeof(long long)==sizeof(long)): ;
                 ^
1 error generated.
configure:9498: $? = 1
configure: failed program was:
| /* confdefs.h.  */
| 
| #define PACKAGE_NAME "tcl"
| #define PACKAGE_TARNAME "tcl"
| #define PACKAGE_VERSION "8.6"
| #define PACKAGE_STRING "tcl 8.6"
| #define PACKAGE_BUGREPORT ""
| #define STDC_HEADERS 1
| #define HAVE_SYS_TYPES_H 1
| #define HAVE_SYS_STAT_H 1
| #define HAVE_STDLIB_H 1
| #define HAVE_STRING_H 1
| #define HAVE_MEMORY_H 1
| #define HAVE_STRINGS_H 1
| #define HAVE_INTTYPES_H 1
| #define HAVE_STDINT_H 1
| #define HAVE_UNISTD_H 1
| #define NO_VALUES_H 1
| #define HAVE_SYS_PARAM_H 1
| #define USE_THREAD_ALLOC 1
| #define _REENTRANT 1
| #define _THREAD_SAFE 1
| #define HAVE_PTHREAD_ATTR_SETSTACKSIZE 1
| #define HAVE_PTHREAD_ATFORK 1
| #define TCL_THREADS 1
| #define TCL_CFGVAL_ENCODING "iso8859-1"
| #define HAVE_ZLIB 1
| #define MODULE_SCOPE extern __attribute__((__visibility__("hidden")))
| #define HAVE_HIDDEN 1
| #define MAC_OSX_TCL 1
| #define HAVE_COREFOUNDATION 1
| #define HAVE_CAST_TO_UNION 1
| #define TCL_SHLIB_EXT ".dylib"
| #define NDEBUG 1
| #define TCL_CFG_OPTIMIZED 1
| #define TCL_TOMMATH 1
| #define MP_PREC 4
| /* end confdefs.h.  */
| 
| int
| main ()
| {
| switch (0) {
|             case 1: case (sizeof(long long)==sizeof(long)): ;
|         }
|   ;
|   return 0;
| }
configure:9528: result: using long
configure:9845: checking whether byte ordering is bigendian
configure:9872: gcc -c -pipe    conftest.c >&5
configure:9878: $? = 0
configure:9882: test -z 
			 || test ! -s conftest.err
configure:9885: $? = 0
configure:9888: test -s conftest.o
configure:9891: $? = 0
configure:9915: gcc -c -pipe    conftest.c >&5
conftest.c:47:2: error: use of undeclared identifier 'not'
 not big endian
 ^
1 error generated.
configure:9921: $? = 1
configure: failed program was:
| /* confdefs.h.  */
| 
| #define PACKAGE_NAME "tcl"
| #define PACKAGE_TARNAME "tcl"
| #define PACKAGE_VERSION "8.6"
| #define PACKAGE_STRING "tcl 8.6"
| #define PACKAGE_BUGREPORT ""
| #define STDC_HEADERS 1
| #define HAVE_SYS_TYPES_H 1
| #define HAVE_SYS_STAT_H 1
| #define HAVE_STDLIB_H 1
| #define HAVE_STRING_H 1
| #define HAVE_MEMORY_H 1
| #define HAVE_STRINGS_H 1
| #define HAVE_INTTYPES_H 1
| #define HAVE_STDINT_H 1
| #define HAVE_UNISTD_H 1
| #define NO_VALUES_H 1
| #define HAVE_SYS_PARAM_H 1
| #define USE_THREAD_ALLOC 1
| #define _REENTRANT 1
| #define _THREAD_SAFE 1
| #define HAVE_PTHREAD_ATTR_SETSTACKSIZE 1
| #define HAVE_PTHREAD_ATFORK 1
| #define TCL_THREADS 1
| #define TCL_CFGVAL_ENCODING "iso8859-1"
| #define HAVE_ZLIB 1
| #define MODULE_SCOPE extern __attribute__((__visibility__("hidden")))
| #define HAVE_HIDDEN 1
| #define MAC_OSX_TCL 1
| #define HAVE_COREFOUNDATION 1
| #define HAVE_CAST_TO_UNION 1
| #define TCL_SHLIB_EXT ".dylib"
| #define NDEBUG 1
| #define TCL_CFG_OPTIMIZED 1
| #define TCL_TOMMATH 1
| #define MP_PREC 4
| #define TCL_WIDE_INT_IS_LONG 1
| /* end confdefs.h.  */
| #include <sys/types.h>
| #include <sys/param.h>
| 
| int
| main ()
| {
| #if BYTE_ORDER != BIG_ENDIAN
|  not big endian
| #endif
| 
|   ;
|   return 0;
| }
configure:10056: result: no
configure:10086: checking for getcwd
configure:10143: gcc -o conftest -pipe     -prebind -headerpad_max_install_names -Wl,-search_paths_first  conftest.c -lz  -lpthread -framework CoreFoundation >&5
configure:10149: $? = 0
configure:10153: test -z 
			 || test ! -s conftest.err
configure:10156: $? = 0
configure:10159: test -s conftest
configure:10162: $? = 0
configure:10174: result: yes
configure:10200: checking for mkstemp
configure:10257: gcc -o conftest -pipe     -prebind -headerpad_max_install_names -Wl,-search_paths_first  conftest.c -lz  -lpthread -framework CoreFoundation >&5
configure:10263: $? = 0
configure:10267: test -z 
			 || test ! -s conftest.err
configure:10270: $? = 0
configure:10273: test -s conftest
configure:10276: $? = 0
configure:10288: result: yes
configure:10200: checking for opendir
configure:10257: gcc -o conftest -pipe     -prebind -headerpad_max_install_names -Wl,-search_paths_first  conftest.c -lz  -lpthread -framework CoreFoundation >&5
configure:10263: $? = 0
configure:10267: test -z 
			 || test ! -s conftest.err
configure:10270: $? = 0
configure:10273: test -s conftest
configure:10276: $? = 0
configure:10288: result: yes
configure:10200: checking for strtol
configure:10257: gcc -o conftest -pipe     -prebind -headerpad_max_install_names -Wl,-search_paths_first  conftest.c -lz  -lpthread -framework CoreFoundation >&5
configure:10263: $? = 0
configure:10267: test -z 
			 || test ! -s conftest.err
configure:10270: $? = 0
configure:10273: test -s conftest
configure:10276: $? = 0
configure:10288: result: yes
configure:10200: checking for waitpid
configure:10257: gcc -o conftest -pipe     -prebind -headerpad_max_install_names -Wl,-search_paths_first  conftest.c -lz  -lpthread -framework CoreFoundation >&5
configure:10263: $? = 0
configure:10267: test -z 
			 || test ! -s conftest.err
configure:10270: $? = 0
configure:10273: test -s conftest
configure:10276: $? = 0
configure:10288: result: yes
configure:10308: checking for strerror
configure:10365: gcc -o conftest -pipe     -prebind -headerpad_max_install_names -Wl,-search_paths_first  conftest.c -lz  -lpthread -framework CoreFoundation >&5
conftest.c:69:6: warning: incompatible redeclaration of library function 'strerror' [-Wincompatible-library-redeclaration]
char strerror ();
     ^
conftest.c:69:6: note: 'strerror' is a builtin with type 'char *(int)'
1 warning generated.
configure:10371: $? = 0
configure:10375: test -z 
			 || test ! -s conftest.err
configure:10378: $? = 0
configure:10381: test -s conftest
configure:10384: $? = 0
configure:10396: result: yes
configure:10408: checking for getwd
configure:10465: gcc -o conftest -pipe     -prebind -headerpad_max_install_names -Wl,-search_paths_first  conftest.c -lz  -lpthread -framework CoreFoundation >&5
configure:10471: $? = 0
configure:10475: test -z 
			 || test ! -s conftest.err
configure:10478: $? = 0
configure:10481: test -s conftest
configure:10484: $? = 0
configure:10496: result: yes
configure:10508: checking for wait3
configure:10565: gcc -o conftest -pipe     -prebind -headerpad_max_install_names -Wl,-search_paths_first  conftest.c -lz  -lpthread -framework CoreFoundation >&5
configure:10571: $? = 0
configure:10575: test -z 
			 || test ! -s conftest.err
configure:10578: $? = 0
configure:10581: test -s conftest
configure:10584: $? = 0
configure:10596: result: yes
configure:10608: checking for uname
configure:10665: gcc -o conftest -pipe     -prebind -headerpad_max_install_names -Wl,-search_paths_first  conftest.c -lz  -lpthread -framework CoreFoundation >&5
configure:10671: $? = 0
configure:10675: test -z 
			 || test ! -s conftest.err
configure:10678: $? = 0
configure:10681: test -s conftest
configure:10684: $? = 0
configure:10696: result: yes
configure:10715: checking for realpath
configure:10772: gcc -o conftest -pipe     -prebind -headerpad_max_install_names -Wl,-search_paths_first  conftest.c -lz  -lpthread -framework CoreFoundation >&5
configure:10778: $? = 0
configure:10782: test -z 
			 || test ! -s conftest.err
configure:10785: $? = 0
configure:10788: test -s conftest
configure:10791: $? = 0
configure:10803: result: yes
configure:10825: checking for getnameinfo
configure:10882: gcc -o conftest -pipe     -prebind -headerpad_max_install_names -Wl,-search_paths_first  conftest.c -lz  -lpthread -framework CoreFoundation >&5
configure:10888: $? = 0
configure:10892: test -z 
			 || test ! -s conftest.err
configure:10895: $? = 0
configure:10898: test -s conftest
configure:10901: $? = 0
configure:10913: result: yes
configure:10825: checking for getaddrinfo
configure:10882: gcc -o conftest -pipe     -prebind -headerpad_max_install_names -Wl,-search_paths_first  conftest.c -lz  -lpthread -framework CoreFoundation >&5
configure:10888: $? = 0
configure:10892: test -z 
			 || test ! -s conftest.err
configure:10895: $? = 0
configure:10898: test -s conftest
configure:10901: $? = 0
configure:10913: result: yes
configure:10825: checking for freeaddrinfo
configure:10882: gcc -o conftest -pipe     -prebind -headerpad_max_install_names -Wl,-search_paths_first  conftest.c -lz  -lpthread -framework CoreFoundation >&5
configure:10888: $? = 0
configure:10892: test -z 
			 || test ! -s conftest.err
configure:10895: $? = 0
configure:10898: test -s conftest
configure:10901: $? = 0
configure:10913: result: yes
configure:10825: checking for gai_strerror
configure:10882: gcc -o conftest -pipe     -prebind -headerpad_max_install_names -Wl,-search_paths_first  conftest.c -lz  -lpthread -framework CoreFoundation >&5
configure:10888: $? = 0
configure:10892: test -z 
			 || test ! -s conftest.err
configure:10895: $? = 0
configure:10898: test -s conftest
configure:10901: $? = 0
configure:10913: result: yes
configure:10925: checking for struct addrinfo
configure:10955: gcc -c -pipe    conftest.c >&5
configure:10961: $? = 0
configure:10965: test -z 
			 || test ! -s conftest.err
configure:10968: $? = 0
configure:10971: test -s conftest.o
configure:10974: $? = 0
configure:10985: result: yes
configure:10997: checking for struct in6_addr
configure:11027: gcc -c -pipe    conftest.c >&5
configure:11033: $? = 0
configure:11037: test -z 
			 || test ! -s conftest.err
configure:11040: $? = 0
configure:11043: test -s conftest.o
configure:11046: $? = 0
configure:11057: result: yes
configure:11069: checking for struct sockaddr_in6
configure:11099: gcc -c -pipe    conftest.c >&5
configure:11105: $? = 0
configure:11109: test -z 
			 || test ! -s conftest.err
configure:11112: $? = 0
configure:11115: test -s conftest.o
configure:11118: $? = 0
configure:11129: result: yes
configure:11141: checking for struct sockaddr_storage
configure:11171: gcc -c -pipe    conftest.c >&5
configure:11177: $? = 0
configure:11181: test -z 
			 || test ! -s conftest.err
configure:11184: $? = 0
configure:11187: test -s conftest.o
configure:11190: $? = 0
configure:11201: result: yes
configure:11327: checking for getpwuid_r
configure:11384: gcc -o conftest -pipe     -prebind -headerpad_max_install_names -Wl,-search_paths_first  conftest.c -lz  -lpthread -framework CoreFoundation >&5
configure:11390: $? = 0
configure:11394: test -z 
			 || test ! -s conftest.err
configure:11397: $? = 0
configure:11400: test -s conftest
configure:11403: $? = 0
configure:11415: result: yes
configure:11419: checking for getpwuid_r with 5 args
configure:11451: gcc -c -pipe    conftest.c >&5
configure:11457: $? = 0
configure:11461: test -z 
			 || test ! -s conftest.err
configure:11464: $? = 0
configure:11467: test -s conftest.o
configure:11470: $? = 0
configure:11481: result: yes
configure:11574: checking for getpwnam_r
configure:11631: gcc -o conftest -pipe     -prebind -headerpad_max_install_names -Wl,-search_paths_first  conftest.c -lz  -lpthread -framework CoreFoundation >&5
configure:11637: $? = 0
configure:11641: test -z 
			 || test ! -s conftest.err
configure:11644: $? = 0
configure:11647: test -s conftest
configure:11650: $? = 0
configure:11662: result: yes
configure:11666: checking for getpwnam_r with 5 args
configure:11698: gcc -c -pipe    conftest.c >&5
configure:11704: $? = 0
configure:11708: test -z 
			 || test ! -s conftest.err
configure:11711: $? = 0
configure:11714: test -s conftest.o
configure:11717: $? = 0
configure:11728: result: yes
configure:11821: checking for getgrgid_r
configure:11878: gcc -o conftest -pipe     -prebind -headerpad_max_install_names -Wl,-search_paths_first  conftest.c -lz  -lpthread -framework CoreFoundation >&5
configure:11884: $? = 0
configure:11888: test -z 
			 || test ! -s conftest.err
configure:11891: $? = 0
configure:11894: test -s conftest
configure:11897: $? = 0
configure:11909: result: yes
configure:11913: checking for getgrgid_r with 5 args
configure:11945: gcc -c -pipe    conftest.c >&5
configure:11951: $? = 0
configure:11955: test -z 
			 || test ! -s conftest.err
configure:11958: $? = 0
configure:11961: test -s conftest.o
configure:11964: $? = 0
configure:11975: result: yes
configure:12068: checking for getgrnam_r
configure:12125: gcc -o conftest -pipe     -prebind -headerpad_max_install_names -Wl,-search_paths_first  conftest.c -lz  -lpthread -framework CoreFoundation >&5
configure:12131: $? = 0
configure:12135: test -z 
			 || test ! -s conftest.err
configure:12138: $? = 0
configure:12141: test -s conftest
configure:12144: $? = 0
configure:12156: result: yes
configure:12160: checking for getgrnam_r with 5 args
configure:12192: gcc -c -pipe    conftest.c >&5
configure:12198: $? = 0
configure:12202: test -z 
			 || test ! -s conftest.err
configure:12205: $? = 0
configure:12208: test -s conftest.o
configure:12211: $? = 0
configure:12222: result: yes
configure:12945: checking termios.h usability
configure:12957: gcc -c -pipe    conftest.c >&5
configure:12963: $? = 0
configure:12967: test -z 
			 || test ! -s conftest.err
configure:12970: $? = 0
configure:12973: test -s conftest.o
configure:12976: $? = 0
configure:12986: result: yes
configure:12990: checking termios.h presence
configure:13000: gcc -E   conftest.c
configure:13006: $? = 0
configure:13026: result: yes
configure:13061: checking for termios.h
configure:13068: result: yes
configure:13095: checking sys/ioctl.h usability
configure:13107: gcc -c -pipe    conftest.c >&5
configure:13113: $? = 0
configure:13117: test -z 
			 || test ! -s conftest.err
configure:13120: $? = 0
configure:13123: test -s conftest.o
configure:13126: $? = 0
configure:13136: result: yes
configure:13140: checking sys/ioctl.h presence
configure:13150: gcc -E   conftest.c
configure:13156: $? = 0
configure:13176: result: yes
configure:13211: checking for sys/ioctl.h
configure:13218: result: yes
configure:13245: checking sys/modem.h usability
configure:13257: gcc -c -pipe    conftest.c >&5
conftest.c:99:10: fatal error: 'sys/modem.h' file not found
#include <sys/modem.h>
         ^
1 error generated.
configure:13263: $? = 1
configure: failed program was:
| /* confdefs.h.  */
| 
| #define PACKAGE_NAME "tcl"
| #define PACKAGE_TARNAME "tcl"
| #define PACKAGE_VERSION "8.6"
| #define PACKAGE_STRING "tcl 8.6"
| #define PACKAGE_BUGREPORT ""
| #define STDC_HEADERS 1
| #define HAVE_SYS_TYPES_H 1
| #define HAVE_SYS_STAT_H 1
| #define HAVE_STDLIB_H 1
| #define HAVE_STRING_H 1
| #define HAVE_MEMORY_H 1
| #define HAVE_STRINGS_H 1
| #define HAVE_INTTYPES_H 1
| #define HAVE_STDINT_H 1
| #define HAVE_UNISTD_H 1
| #define NO_VALUES_H 1
| #define HAVE_SYS_PARAM_H 1
| #define USE_THREAD_ALLOC 1
| #define _REENTRANT 1
| #define _THREAD_SAFE 1
| #define HAVE_PTHREAD_ATTR_SETSTACKSIZE 1
| #define HAVE_PTHREAD_ATFORK 1
| #define TCL_THREADS 1
| #define TCL_CFGVAL_ENCODING "iso8859-1"
| #define HAVE_ZLIB 1
| #define MODULE_SCOPE extern __attribute__((__visibility__("hidden")))
| #define HAVE_HIDDEN 1
| #define MAC_OSX_TCL 1
| #define HAVE_COREFOUNDATION 1
| #define HAVE_CAST_TO_UNION 1
| #define TCL_SHLIB_EXT ".dylib"
| #define NDEBUG 1
| #define TCL_CFG_OPTIMIZED 1
| #define TCL_TOMMATH 1
| #define MP_PREC 4
| #define TCL_WIDE_INT_IS_LONG 1
| #define HAVE_GETCWD 1
| #define HAVE_MKSTEMP 1
| #define HAVE_OPENDIR 1
| #define HAVE_STRTOL 1
| #define HAVE_WAITPID 1
| #define HAVE_GETNAMEINFO 1
| #define HAVE_GETADDRINFO 1
| #define HAVE_FREEADDRINFO 1
| #define HAVE_GAI_STRERROR 1
| #define HAVE_STRUCT_ADDRINFO 1
| #define HAVE_STRUCT_IN6_ADDR 1
| #define HAVE_STRUCT_SOCKADDR_IN6 1
| #define HAVE_STRUCT_SOCKADDR_STORAGE 1
| #define HAVE_GETPWUID_R_5 1
| #define HAVE_GETPWUID_R 1
| #define HAVE_GETPWNAM_R_5 1
| #define HAVE_GETPWNAM_R 1
| #define HAVE_GETGRGID_R_5 1
| #define HAVE_GETGRGID_R 1
| #define HAVE_GETGRNAM_R_5 1
| #define HAVE_GETGRNAM_R 1
| #define HAVE_MTSAFE_GETHOSTBYNAME 1
| #define HAVE_MTSAFE_GETHOSTBYADDR 1
| #define HAVE_TERMIOS_H 1
| #define HAVE_SYS_IOCTL_H 1
| /* end confdefs.h.  */
| #include <stdio.h>
| #if HAVE_SYS_TYPES_H
| # include <sys/types.h>
| #endif
| #if HAVE_SYS_STAT_H
| # include <sys/stat.h>
| #endif
| #if STDC_HEADERS
| # include <stdlib.h>
| # include <stddef.h>
| #else
| # if HAVE_STDLIB_H
| #  include <stdlib.h>
| # endif
| #endif
| #if HAVE_STRING_H
| # if !STDC_HEADERS && HAVE_MEMORY_H
| #  include <memory.h>
| # endif
| # include <string.h>
| #endif
| #if HAVE_STRINGS_H
| # include <strings.h>
| #endif
| #if HAVE_INTTYPES_H
| # include <inttypes.h>
| #else
| # if HAVE_STDINT_H
| #  include <stdint.h>
| # endif
| #endif
| #if HAVE_UNISTD_H
| # include <unistd.h>
| #endif
| #include <sys/modem.h>
configure:13286: result: no
configure:13290: checking sys/modem.h presence
configure:13300: gcc -E   conftest.c
conftest.c:65:10: fatal error: 'sys/modem.h' file not found
#include <sys/modem.h>
         ^
1 error generated.
configure:13306: $? = 1
configure: failed program was:
| /* confdefs.h.  */
| 
| #define PACKAGE_NAME "tcl"
| #define PACKAGE_TARNAME "tcl"
| #define PACKAGE_VERSION "8.6"
| #define PACKAGE_STRING "tcl 8.6"
| #define PACKAGE_BUGREPORT ""
| #define STDC_HEADERS 1
| #define HAVE_SYS_TYPES_H 1
| #define HAVE_SYS_STAT_H 1
| #define HAVE_STDLIB_H 1
| #define HAVE_STRING_H 1
| #define HAVE_MEMORY_H 1
| #define HAVE_STRINGS_H 1
| #define HAVE_INTTYPES_H 1
| #define HAVE_STDINT_H 1
| #define HAVE_UNISTD_H 1
| #define NO_VALUES_H 1
| #define HAVE_SYS_PARAM_H 1
| #define USE_THREAD_ALLOC 1
| #define _REENTRANT 1
| #define _THREAD_SAFE 1
| #define HAVE_PTHREAD_ATTR_SETSTACKSIZE 1
| #define HAVE_PTHREAD_ATFORK 1
| #define TCL_THREADS 1
| #define TCL_CFGVAL_ENCODING "iso8859-1"
| #define HAVE_ZLIB 1
| #define MODULE_SCOPE extern __attribute__((__visibility__("hidden")))
| #define HAVE_HIDDEN 1
| #define MAC_OSX_TCL 1
| #define HAVE_COREFOUNDATION 1
| #define HAVE_CAST_TO_UNION 1
| #define TCL_SHLIB_EXT ".dylib"
| #define NDEBUG 1
| #define TCL_CFG_OPTIMIZED 1
| #define TCL_TOMMATH 1
| #define MP_PREC 4
| #define TCL_WIDE_INT_IS_LONG 1
| #define HAVE_GETCWD 1
| #define HAVE_MKSTEMP 1
| #define HAVE_OPENDIR 1
| #define HAVE_STRTOL 1
| #define HAVE_WAITPID 1
| #define HAVE_GETNAMEINFO 1
| #define HAVE_GETADDRINFO 1
| #define HAVE_FREEADDRINFO 1
| #define HAVE_GAI_STRERROR 1
| #define HAVE_STRUCT_ADDRINFO 1
| #define HAVE_STRUCT_IN6_ADDR 1
| #define HAVE_STRUCT_SOCKADDR_IN6 1
| #define HAVE_STRUCT_SOCKADDR_STORAGE 1
| #define HAVE_GETPWUID_R_5 1
| #define HAVE_GETPWUID_R 1
| #define HAVE_GETPWNAM_R_5 1
| #define HAVE_GETPWNAM_R 1
| #define HAVE_GETGRGID_R_5 1
| #define HAVE_GETGRGID_R 1
| #define HAVE_GETGRNAM_R_5 1
| #define HAVE_GETGRNAM_R 1
| #define HAVE_MTSAFE_GETHOSTBYNAME 1
| #define HAVE_MTSAFE_GETHOSTBYADDR 1
| #define HAVE_TERMIOS_H 1
| #define HAVE_SYS_IOCTL_H 1
| /* end confdefs.h.  */
| #include <sys/modem.h>
configure:13326: result: no
configure:13361: checking for sys/modem.h
configure:13368: result: no
configure:13392: checking for fd_set in sys/types
configure:13414: gcc -c -pipe    conftest.c >&5
configure:13420: $? = 0
configure:13424: test -z 
			 || test ! -s conftest.err
configure:13427: $? = 0
configure:13430: test -s conftest.o
configure:13433: $? = 0
configure:13444: result: yes
configure:13510: checking sys/time.h usability
configure:13522: gcc -c -pipe    conftest.c >&5
configure:13528: $? = 0
configure:13532: test -z 
			 || test ! -s conftest.err
configure:13535: $? = 0
configure:13538: test -s conftest.o
configure:13541: $? = 0
configure:13551: result: yes
configure:13555: checking sys/time.h presence
configure:13565: gcc -E   conftest.c
configure:13571: $? = 0
configure:13591: result: yes
configure:13626: checking for sys/time.h
configure:13633: result: yes
configure:13646: checking whether time.h and sys/time.h may both be included
configure:13671: gcc -c -pipe    conftest.c >&5
configure:13677: $? = 0
configure:13681: test -z 
			 || test ! -s conftest.err
configure:13684: $? = 0
configure:13687: test -s conftest.o
configure:13690: $? = 0
configure:13701: result: yes
configure:13718: checking for gmtime_r
configure:13775: gcc -o conftest -pipe     -prebind -headerpad_max_install_names -Wl,-search_paths_first  conftest.c -lz  -lpthread -framework CoreFoundation >&5
configure:13781: $? = 0
configure:13785: test -z 
			 || test ! -s conftest.err
configure:13788: $? = 0
configure:13791: test -s conftest
configure:13794: $? = 0
configure:13806: result: yes
configure:13718: checking for localtime_r
configure:13775: gcc -o conftest -pipe     -prebind -headerpad_max_install_names -Wl,-search_paths_first  conftest.c -lz  -lpthread -framework CoreFoundation >&5
configure:13781: $? = 0
configure:13785: test -z 
			 || test ! -s conftest.err
configure:13788: $? = 0
configure:13791: test -s conftest
configure:13794: $? = 0
configure:13806: result: yes
configure:13718: checking for mktime
configure:13775: gcc -o conftest -pipe     -prebind -headerpad_max_install_names -Wl,-search_paths_first  conftest.c -lz  -lpthread -framework CoreFoundation >&5
configure:13781: $? = 0
configure:13785: test -z 
			 || test ! -s conftest.err
configure:13788: $? = 0
configure:13791: test -s conftest
configure:13794: $? = 0
configure:13806: result: yes
configure:13817: checking tm_tzadj in struct tm
configure:13839: gcc -c -pipe    conftest.c >&5
conftest.c:74:18: error: no member named 'tm_tzadj' in 'struct tm'
struct tm tm; tm.tm_tzadj;
              ~~ ^
1 error generated.
configure:13845: $? = 1
configure: failed program was:
| /* confdefs.h.  */
| 
| #define PACKAGE_NAME "tcl"
| #define PACKAGE_TARNAME "tcl"
| #define PACKAGE_VERSION "8.6"
| #define PACKAGE_STRING "tcl 8.6"
| #define PACKAGE_BUGREPORT ""
| #define STDC_HEADERS 1
| #define HAVE_SYS_TYPES_H 1
| #define HAVE_SYS_STAT_H 1
| #define HAVE_STDLIB_H 1
| #define HAVE_STRING_H 1
| #define HAVE_MEMORY_H 1
| #define HAVE_STRINGS_H 1
| #define HAVE_INTTYPES_H 1
| #define HAVE_STDINT_H 1
| #define HAVE_UNISTD_H 1
| #define NO_VALUES_H 1
| #define HAVE_SYS_PARAM_H 1
| #define USE_THREAD_ALLOC 1
| #define _REENTRANT 1
| #define _THREAD_SAFE 1
| #define HAVE_PTHREAD_ATTR_SETSTACKSIZE 1
| #define HAVE_PTHREAD_ATFORK 1
| #define TCL_THREADS 1
| #define TCL_CFGVAL_ENCODING "iso8859-1"
| #define HAVE_ZLIB 1
| #define MODULE_SCOPE extern __attribute__((__visibility__("hidden")))
| #define HAVE_HIDDEN 1
| #define MAC_OSX_TCL 1
| #define HAVE_COREFOUNDATION 1
| #define HAVE_CAST_TO_UNION 1
| #define TCL_SHLIB_EXT ".dylib"
| #define NDEBUG 1
| #define TCL_CFG_OPTIMIZED 1
| #define TCL_TOMMATH 1
| #define MP_PREC 4
| #define TCL_WIDE_INT_IS_LONG 1
| #define HAVE_GETCWD 1
| #define HAVE_MKSTEMP 1
| #define HAVE_OPENDIR 1
| #define HAVE_STRTOL 1
| #define HAVE_WAITPID 1
| #define HAVE_GETNAMEINFO 1
| #define HAVE_GETADDRINFO 1
| #define HAVE_FREEADDRINFO 1
| #define HAVE_GAI_STRERROR 1
| #define HAVE_STRUCT_ADDRINFO 1
| #define HAVE_STRUCT_IN6_ADDR 1
| #define HAVE_STRUCT_SOCKADDR_IN6 1
| #define HAVE_STRUCT_SOCKADDR_STORAGE 1
| #define HAVE_GETPWUID_R_5 1
| #define HAVE_GETPWUID_R 1
| #define HAVE_GETPWNAM_R_5 1
| #define HAVE_GETPWNAM_R 1
| #define HAVE_GETGRGID_R_5 1
| #define HAVE_GETGRGID_R 1
| #define HAVE_GETGRNAM_R_5 1
| #define HAVE_GETGRNAM_R 1
| #define HAVE_MTSAFE_GETHOSTBYNAME 1
| #define HAVE_MTSAFE_GETHOSTBYADDR 1
| #define HAVE_TERMIOS_H 1
| #define HAVE_SYS_IOCTL_H 1
| #define HAVE_SYS_TIME_H 1
| #define TIME_WITH_SYS_TIME 1
| #define HAVE_GMTIME_R 1
| #define HAVE_LOCALTIME_R 1
| #define HAVE_MKTIME 1
| /* end confdefs.h.  */
| #include <time.h>
| int
| main ()
| {
| struct tm tm; tm.tm_tzadj;
|   ;
|   return 0;
| }
configure:13869: result: no
configure:13879: checking tm_gmtoff in struct tm
configure:13901: gcc -c -pipe    conftest.c >&5
conftest.c:74:18: warning: expression result unused [-Wunused-value]
struct tm tm; tm.tm_gmtoff;
              ~~ ^~~~~~~~~
1 warning generated.
configure:13907: $? = 0
configure:13911: test -z 
			 || test ! -s conftest.err
configure:13914: $? = 0
configure:13917: test -s conftest.o
configure:13920: $? = 0
configure:13931: result: yes
configure:13945: checking long timezone variable
configure:13969: gcc -c -pipe    conftest.c >&5
conftest.c:77:6: warning: implicitly declaring library function 'exit' with type 'void (int) __attribute__((noreturn))'
            exit (0);
            ^
conftest.c:77:6: note: include the header <stdlib.h> or explicitly provide a declaration for 'exit'
1 warning generated.
configure:13975: $? = 0
configure:13979: test -z 
			 || test ! -s conftest.err
configure:13982: $? = 0
configure:13985: test -s conftest.o
configure:13988: $? = 0
configure:13999: result: yes
configure:14084: checking for struct stat.st_blocks
configure:14107: gcc -c -pipe    conftest.c >&5
configure:14113: $? = 0
configure:14117: test -z 
			 || test ! -s conftest.err
configure:14120: $? = 0
configure:14123: test -s conftest.o
configure:14126: $? = 0
configure:14183: result: yes
configure:14193: checking for struct stat.st_blksize
configure:14216: gcc -c -pipe    conftest.c >&5
configure:14222: $? = 0
configure:14226: test -z 
			 || test ! -s conftest.err
configure:14229: $? = 0
configure:14232: test -s conftest.o
configure:14235: $? = 0
configure:14292: result: yes
configure:14304: checking for blkcnt_t
configure:14328: gcc -c -pipe    conftest.c >&5
configure:14334: $? = 0
configure:14338: test -z 
			 || test ! -s conftest.err
configure:14341: $? = 0
configure:14344: test -s conftest.o
configure:14347: $? = 0
configure:14358: result: yes
configure:14369: checking for fstatfs
configure:14426: gcc -o conftest -pipe     -prebind -headerpad_max_install_names -Wl,-search_paths_first  conftest.c -lz  -lpthread -framework CoreFoundation >&5
configure:14432: $? = 0
configure:14436: test -z 
			 || test ! -s conftest.err
configure:14439: $? = 0
configure:14442: test -s conftest
configure:14445: $? = 0
configure:14457: result: yes
configure:14475: checking for working memcmp
configure:14523: gcc -o conftest -pipe     -prebind -headerpad_max_install_names -Wl,-search_paths_first  conftest.c -lz  -lpthread -framework CoreFoundation >&5
configure:14526: $? = 0
configure:14528: ./conftest
configure:14531: $? = 0
configure:14545: result: yes
configure:14563: checking for memmove
configure:14620: gcc -o conftest -pipe     -prebind -headerpad_max_install_names -Wl,-search_paths_first  conftest.c -lz  -lpthread -framework CoreFoundation >&5
conftest.c:99:6: warning: incompatible redeclaration of library function 'memmove' [-Wincompatible-library-redeclaration]
char memmove ();
     ^
conftest.c:99:6: note: 'memmove' is a builtin with type 'void *(void *, const void *, unsigned long)'
1 warning generated.
configure:14626: $? = 0
configure:14630: test -z 
			 || test ! -s conftest.err
configure:14633: $? = 0
configure:14636: test -s conftest
configure:14639: $? = 0
configure:14651: result: yes
configure:14676: checking for strstr
configure:14733: gcc -o conftest -pipe     -prebind -headerpad_max_install_names -Wl,-search_paths_first  conftest.c -lz  -lpthread -framework CoreFoundation >&5
conftest.c:99:6: warning: incompatible redeclaration of library function 'strstr' [-Wincompatible-library-redeclaration]
char strstr ();
     ^
conftest.c:99:6: note: 'strstr' is a builtin with type 'char *(const char *, const char *)'
1 warning generated.
configure:14739: $? = 0
configure:14743: test -z 
			 || test ! -s conftest.err
configure:14746: $? = 0
configure:14749: test -s conftest
configure:14752: $? = 0
configure:14764: result: yes
configure:14773: checking proper strstr implementation
configure:14793: gcc -o conftest -pipe     -prebind -headerpad_max_install_names -Wl,-search_paths_first  conftest.c -lz  -lpthread -framework CoreFoundation >&5
conftest.c:76:16: warning: incompatible redeclaration of library function 'strstr' [-Wincompatible-library-redeclaration]
    extern int strstr();
               ^
conftest.c:76:16: note: 'strstr' is a builtin with type 'char *(const char *, const char *)'
conftest.c:77:5: warning: implicitly declaring library function 'exit' with type 'void (int) __attribute__((noreturn))'
    exit(strstr("\0test", "test") ? 1 : 0);
    ^
conftest.c:77:5: note: include the header <stdlib.h> or explicitly provide a declaration for 'exit'
2 warnings generated.
configure:14796: $? = 0
configure:14798: ./conftest
configure:14801: $? = 0
configure:14815: result: ok
configure:14843: checking for strtoul
configure:14900: gcc -o conftest -pipe     -prebind -headerpad_max_install_names -Wl,-search_paths_first  conftest.c -lz  -lpthread -framework CoreFoundation >&5
configure:14906: $? = 0
configure:14910: test -z 
			 || test ! -s conftest.err
configure:14913: $? = 0
configure:14916: test -s conftest
configure:14919: $? = 0
configure:14931: result: yes
configure:14940: checking proper strtoul implementation
configure:14961: gcc -o conftest -pipe     -prebind -headerpad_max_install_names -Wl,-search_paths_first  conftest.c -lz  -lpthread -framework CoreFoundation >&5
conftest.c:78:5: warning: implicitly declaring library function 'exit' with type 'void (int) __attribute__((noreturn))'
    exit(strtoul(string,&term,0) != 0 || term != string+1);
    ^
conftest.c:78:5: note: include the header <stdlib.h> or explicitly provide a declaration for 'exit'
1 warning generated.
configure:14964: $? = 0
configure:14966: ./conftest
configure:14969: $? = 0
configure:14983: result: ok
configure:15010: checking for strtod
configure:15067: gcc -o conftest -pipe     -prebind -headerpad_max_install_names -Wl,-search_paths_first  conftest.c -lz  -lpthread -framework CoreFoundation >&5
configure:15073: $? = 0
configure:15077: test -z 
			 || test ! -s conftest.err
configure:15080: $? = 0
configure:15083: test -s conftest
configure:15086: $? = 0
configure:15098: result: yes
configure:15107: checking proper strtod implementation
configure:15128: gcc -o conftest -pipe     -prebind -headerpad_max_install_names -Wl,-search_paths_first  conftest.c -lz  -lpthread -framework CoreFoundation >&5
conftest.c:78:5: warning: implicitly declaring library function 'exit' with type 'void (int) __attribute__((noreturn))'
    exit(strtod(string,&term) != 69 || term != string+4);
    ^
conftest.c:78:5: note: include the header <stdlib.h> or explicitly provide a declaration for 'exit'
1 warning generated.
configure:15131: $? = 0
configure:15133: ./conftest
configure:15136: $? = 0
configure:15150: result: ok
configure:15179: checking for strtod
configure:15267: result: yes
configure:15276: checking for Solaris2.4/Tru64 strtod bugs
configure:15313: gcc -o conftest -pipe     -prebind -headerpad_max_install_names -Wl,-search_paths_first  conftest.c -lz  -lpthread -framework CoreFoundation >&5
conftest.c:83:4: warning: implicitly declaring library function 'exit' with type 'void (int) __attribute__((noreturn))'
                        exit(1);
                        ^
conftest.c:83:4: note: include the header <stdlib.h> or explicitly provide a declaration for 'exit'
1 warning generated.
configure:15316: $? = 0
configure:15318: ./conftest
configure:15321: $? = 0
configure:15335: result: ok
configure:15361: checking for mode_t
configure:15385: gcc -c -pipe    conftest.c >&5
configure:15391: $? = 0
configure:15395: test -z 
			 || test ! -s conftest.err
configure:15398: $? = 0
configure:15401: test -s conftest.o
configure:15404: $? = 0
configure:15415: result: yes
configure:15427: checking for pid_t
configure:15451: gcc -c -pipe    conftest.c >&5
configure:15457: $? = 0
configure:15461: test -z 
			 || test ! -s conftest.err
configure:15464: $? = 0
configure:15467: test -s conftest.o
configure:15470: $? = 0
configure:15481: result: yes
configure:15493: checking for size_t
configure:15517: gcc -c -pipe    conftest.c >&5
configure:15523: $? = 0
configure:15527: test -z 
			 || test ! -s conftest.err
configure:15530: $? = 0
configure:15533: test -s conftest.o
configure:15536: $? = 0
configure:15547: result: yes
configure:15559: checking for uid_t in sys/types.h
configure:15582: result: yes
configure:15598: checking for socklen_t
configure:15625: gcc -c -pipe    conftest.c >&5
configure:15631: $? = 0
configure:15635: test -z 
			 || test ! -s conftest.err
configure:15638: $? = 0
configure:15641: test -s conftest.o
configure:15644: $? = 0
configure:15655: result: yes
configure:15665: checking for intptr_t
configure:15689: gcc -c -pipe    conftest.c >&5
configure:15695: $? = 0
configure:15699: test -z 
			 || test ! -s conftest.err
configure:15702: $? = 0
configure:15705: test -s conftest.o
configure:15708: $? = 0
configure:15719: result: yes
configure:15800: checking for uintptr_t
configure:15824: gcc -c -pipe    conftest.c >&5
configure:15830: $? = 0
configure:15834: test -z 
			 || test ! -s conftest.err
configure:15837: $? = 0
configure:15840: test -s conftest.o
configure:15843: $? = 0
configure:15854: result: yes
configure:15944: checking for opendir
configure:16032: result: yes
configure:16053: checking union wait
configure:16080: gcc -o conftest -pipe     -prebind -headerpad_max_install_names -Wl,-search_paths_first  conftest.c -lz  -lpthread -framework CoreFoundation >&5
configure:16086: $? = 0
configure:16090: test -z 
			 || test ! -s conftest.err
configure:16093: $? = 0
configure:16096: test -s conftest
configure:16099: $? = 0
configure:16111: result: yes
configure:16127: checking for strncasecmp
configure:16184: gcc -o conftest -pipe     -prebind -headerpad_max_install_names -Wl,-search_paths_first  conftest.c -lz  -lpthread -framework CoreFoundation >&5
conftest.c:101:6: warning: incompatible redeclaration of library function 'strncasecmp' [-Wincompatible-library-redeclaration]
char strncasecmp ();
     ^
conftest.c:101:6: note: 'strncasecmp' is a builtin with type 'int (const char *, const char *, unsigned long)'
1 warning generated.
configure:16190: $? = 0
configure:16194: test -z 
			 || test ! -s conftest.err
configure:16197: $? = 0
configure:16200: test -s conftest
configure:16203: $? = 0
configure:16215: result: yes
configure:16388: checking for gettimeofday
configure:16445: gcc -o conftest -pipe     -prebind -headerpad_max_install_names -Wl,-search_paths_first  conftest.c -lz  -lpthread -framework CoreFoundation >&5
configure:16451: $? = 0
configure:16455: test -z 
			 || test ! -s conftest.err
configure:16458: $? = 0
configure:16461: test -s conftest
configure:16464: $? = 0
configure:16476: result: yes
configure:16490: checking for gettimeofday declaration
configure:16514: result: present
configure:16531: checking whether char is unsigned
configure:16554: gcc -c -pipe    conftest.c >&5
configure:16560: $? = 0
configure:16564: test -z 
			 || test ! -s conftest.err
configure:16567: $? = 0
configure:16570: test -s conftest.o
configure:16573: $? = 0
configure:16584: result: no
configure:16593: checking signed char declarations
configure:16618: gcc -c -pipe    conftest.c >&5
configure:16624: $? = 0
configure:16628: test -z 
			 || test ! -s conftest.err
configure:16631: $? = 0
configure:16634: test -s conftest.o
configure:16637: $? = 0
configure:16648: result: yes
configure:16662: checking for a putenv() that copies the buffer
configure:16698: gcc -o conftest -pipe     -prebind -headerpad_max_install_names -Wl,-search_paths_first  conftest.c -lz  -lpthread -framework CoreFoundation >&5
conftest.c:84:20: warning: implicitly declaring library function 'strdup' with type 'char *(const char *)'
            foo = (char *)strdup(OURVAR);
                          ^
conftest.c:84:20: note: include the header <string.h> or explicitly provide a declaration for 'strdup'
conftest.c:86:6: warning: implicitly declaring library function 'strcpy' with type 'char *(char *, const char *)'
            strcpy((char *)(strchr(foo, '=') + 1), "no");
            ^
conftest.c:86:6: note: include the header <string.h> or explicitly provide a declaration for 'strcpy'
conftest.c:86:22: warning: implicitly declaring library function 'strchr' with type 'char *(const char *, int)'
            strcpy((char *)(strchr(foo, '=') + 1), "no");
                            ^
conftest.c:86:22: note: include the header <string.h> or explicitly provide a declaration for 'strchr'
conftest.c:88:11: warning: implicitly declaring library function 'strcmp' with type 'int (const char *, const char *)'
            if (!strcmp(bar, "no")) {
                 ^
conftest.c:88:11: note: include the header <string.h> or explicitly provide a declaration for 'strcmp'
4 warnings generated.
configure:16701: $? = 0
configure:16703: ./conftest
configure:16706: $? = 0
configure:16720: result: no
configure:16755: checking langinfo.h usability
configure:16767: gcc -c -pipe    conftest.c >&5
configure:16773: $? = 0
configure:16777: test -z 
			 || test ! -s conftest.err
configure:16780: $? = 0
configure:16783: test -s conftest.o
configure:16786: $? = 0
configure:16796: result: yes
configure:16800: checking langinfo.h presence
configure:16810: gcc -E   conftest.c
configure:16816: $? = 0
configure:16836: result: yes
configure:16871: checking for langinfo.h
configure:16878: result: yes
configure:16890: checking whether to use nl_langinfo
configure:16913: gcc -c -pipe    conftest.c >&5
configure:16919: $? = 0
configure:16923: test -z 
			 || test ! -s conftest.err
configure:16926: $? = 0
configure:16929: test -s conftest.o
configure:16932: $? = 0
configure:16944: result: yes
configure:16968: checking for chflags
configure:17025: gcc -o conftest -pipe     -prebind -headerpad_max_install_names -Wl,-search_paths_first  conftest.c -lz  -lpthread -framework CoreFoundation >&5
configure:17031: $? = 0
configure:17035: test -z 
			 || test ! -s conftest.err
configure:17038: $? = 0
configure:17041: test -s conftest
configure:17044: $? = 0
configure:17056: result: yes
configure:16968: checking for mkstemps
configure:17025: gcc -o conftest -pipe     -prebind -headerpad_max_install_names -Wl,-search_paths_first  conftest.c -lz  -lpthread -framework CoreFoundation >&5
configure:17031: $? = 0
configure:17035: test -z 
			 || test ! -s conftest.err
configure:17038: $? = 0
configure:17041: test -s conftest
configure:17044: $? = 0
configure:17056: result: yes
configure:17071: checking isnan
configure:17095: gcc -o conftest -pipe     -prebind -headerpad_max_install_names -Wl,-search_paths_first  conftest.c -lz  -lpthread -framework CoreFoundation >&5
configure:17101: $? = 0
configure:17105: test -z 
			 || test ! -s conftest.err
configure:17108: $? = 0
configure:17111: test -s conftest
configure:17114: $? = 0
configure:17126: result: yes
configure:17145: checking for getattrlist
configure:17202: gcc -o conftest -pipe     -prebind -headerpad_max_install_names -Wl,-search_paths_first  conftest.c -lz  -lpthread -framework CoreFoundation >&5
configure:17208: $? = 0
configure:17212: test -z 
			 || test ! -s conftest.err
configure:17215: $? = 0
configure:17218: test -s conftest
configure:17221: $? = 0
configure:17233: result: yes
configure:17257: checking copyfile.h usability
configure:17269: gcc -c -pipe    conftest.c >&5
configure:17275: $? = 0
configure:17279: test -z 
			 || test ! -s conftest.err
configure:17282: $? = 0
configure:17285: test -s conftest.o
configure:17288: $? = 0
configure:17298: result: yes
configure:17302: checking copyfile.h presence
configure:17312: gcc -E   conftest.c
configure:17318: $? = 0
configure:17338: result: yes
configure:17373: checking for copyfile.h
configure:17380: result: yes
configure:17397: checking for copyfile
configure:17454: gcc -o conftest -pipe     -prebind -headerpad_max_install_names -Wl,-search_paths_first  conftest.c -lz  -lpthread -framework CoreFoundation >&5
configure:17460: $? = 0
configure:17464: test -z 
			 || test ! -s conftest.err
configure:17467: $? = 0
configure:17470: test -s conftest
configure:17473: $? = 0
configure:17485: result: yes
configure:17510: checking libkern/OSAtomic.h usability
configure:17522: gcc -c -pipe    conftest.c >&5
configure:17528: $? = 0
configure:17532: test -z 
			 || test ! -s conftest.err
configure:17535: $? = 0
configure:17538: test -s conftest.o
configure:17541: $? = 0
configure:17551: result: yes
configure:17555: checking libkern/OSAtomic.h presence
configure:17565: gcc -E   conftest.c
configure:17571: $? = 0
configure:17591: result: yes
configure:17626: checking for libkern/OSAtomic.h
configure:17633: result: yes
configure:17650: checking for OSSpinLockLock
configure:17707: gcc -o conftest -pipe     -prebind -headerpad_max_install_names -Wl,-search_paths_first  conftest.c -lz  -lpthread -framework CoreFoundation >&5
configure:17713: $? = 0
configure:17717: test -z 
			 || test ! -s conftest.err
configure:17720: $? = 0
configure:17723: test -s conftest
configure:17726: $? = 0
configure:17738: result: yes
configure:17783: checking AvailabilityMacros.h usability
configure:17795: gcc -c -pipe    conftest.c >&5
configure:17801: $? = 0
configure:17805: test -z 
			 || test ! -s conftest.err
configure:17808: $? = 0
configure:17811: test -s conftest.o
configure:17814: $? = 0
configure:17824: result: yes
configure:17828: checking AvailabilityMacros.h presence
configure:17838: gcc -E   conftest.c
configure:17844: $? = 0
configure:17864: result: yes
configure:17899: checking for AvailabilityMacros.h
configure:17906: result: yes
configure:17920: checking if weak import is available
configure:17952: gcc -o conftest -pipe  -Werror    -prebind -headerpad_max_install_names -Wl,-search_paths_first  conftest.c -lz  -lpthread -framework CoreFoundation >&5
configure:17958: $? = 0
configure:17962: test -z 
			 || test ! -s conftest.err
configure:17965: $? = 0
configure:17968: test -s conftest
configure:17971: $? = 0
configure:17984: result: yes
configure:17993: checking if Darwin SUSv3 extensions are available
configure:18026: gcc -c -pipe  -Werror   conftest.c >&5
configure:18032: $? = 0
configure:18036: test -z 
			 || test ! -s conftest.err
configure:18039: $? = 0
configure:18042: test -s conftest.o
configure:18045: $? = 0
configure:18057: result: yes
configure:18079: checking for fts
configure:18109: gcc -o conftest -pipe     -prebind -headerpad_max_install_names -Wl,-search_paths_first  conftest.c -lz  -lpthread -framework CoreFoundation >&5
configure:18115: $? = 0
configure:18119: test -z 
			 || test ! -s conftest.err
configure:18122: $? = 0
configure:18125: test -s conftest
configure:18128: $? = 0
configure:18140: result: yes
configure:18162: checking for sys/ioctl.h
configure:18167: result: yes
configure:18321: checking sys/filio.h usability
configure:18333: gcc -c -pipe    conftest.c >&5
configure:18339: $? = 0
configure:18343: test -z 
			 || test ! -s conftest.err
configure:18346: $? = 0
configure:18349: test -s conftest.o
configure:18352: $? = 0
configure:18362: result: yes
configure:18366: checking sys/filio.h presence
configure:18376: gcc -E   conftest.c
configure:18382: $? = 0
configure:18402: result: yes
configure:18437: checking for sys/filio.h
configure:18444: result: yes
configure:18458: checking system version
configure:18486: result: Darwin-14.5.0
configure:18490: checking FIONBIO vs. O_NONBLOCK for nonblocking I/O
configure:18512: result: O_NONBLOCK
configure:18520: checking whether to use dll unloading
configure:18536: result: yes
configure:18545: checking for timezone data
configure:18586: result: /usr/share/zoneinfo
configure:18805: checking whether to enable DTrace support
configure:18830: result: no
configure:18837: checking whether the cpuid instruction is usable
configure:18867: gcc -o conftest -pipe     -prebind -headerpad_max_install_names -Wl,-search_paths_first  conftest.c -lz  -lpthread -framework CoreFoundation >&5
configure:18873: $? = 0
configure:18877: test -z 
			 || test ! -s conftest.err
configure:18880: $? = 0
configure:18883: test -s conftest
configure:18886: $? = 0
configure:18898: result: yes
configure:18935: checking how to package libraries
configure:18962: result: shared library
configure:19266: creating ./config.status

## ---------------------- ##
## Running config.status. ##
## ---------------------- ##

This file was extended by tcl config.status 8.6, which was
generated by GNU Autoconf 2.59.  Invocation command line was

  CONFIG_FILES    = 
  CONFIG_HEADERS  = 
  CONFIG_LINKS    = 
  CONFIG_COMMANDS = 
  $ ./config.status 

on guangdeMacBook-Pro.local

config.status:732: creating Tcl-Info.plist
config.status:732: creating Tclsh-Info.plist
config.status:732: creating Makefile
config.status:732: creating dltest/Makefile
config.status:732: creating tclConfig.sh
config.status:732: creating tcl.pc

## ---------------- ##
## Cache variables. ##
## ---------------- ##

ac_cv_c_bigendian=no
ac_cv_c_char_unsigned=no
ac_cv_c_compiler_gnu=yes
ac_cv_c_inline=inline
ac_cv_env_CC_set=
ac_cv_env_CC_value=
ac_cv_env_CFLAGS_set=
ac_cv_env_CFLAGS_value=
ac_cv_env_CPPFLAGS_set=
ac_cv_env_CPPFLAGS_value=
ac_cv_env_CPP_set=
ac_cv_env_CPP_value=
ac_cv_env_LDFLAGS_set=
ac_cv_env_LDFLAGS_value=
ac_cv_env_build_alias_set=set
ac_cv_env_build_alias_value=options
ac_cv_env_host_alias_set=set
ac_cv_env_host_alias_value=options
ac_cv_env_target_alias_set=set
ac_cv_env_target_alias_value=options
ac_cv_exeext=
ac_cv_func_OSSpinLockLock=yes
ac_cv_func_chflags=yes
ac_cv_func_connect=yes
ac_cv_func_copyfile=yes
ac_cv_func_freeaddrinfo=yes
ac_cv_func_fstatfs=yes
ac_cv_func_gai_strerror=yes
ac_cv_func_getaddrinfo=yes
ac_cv_func_getattrlist=yes
ac_cv_func_getcwd=yes
ac_cv_func_getgrgid_r=yes
ac_cv_func_getgrnam_r=yes
ac_cv_func_gethostbyname=yes
ac_cv_func_getnameinfo=yes
ac_cv_func_getpwnam_r=yes
ac_cv_func_getpwuid_r=yes
ac_cv_func_gettimeofday=yes
ac_cv_func_getwd=yes
ac_cv_func_gmtime_r=yes
ac_cv_func_localtime_r=yes
ac_cv_func_memcmp_working=yes
ac_cv_func_memmove=yes
ac_cv_func_mkstemp=yes
ac_cv_func_mkstemps=yes
ac_cv_func_mktime=yes
ac_cv_func_opendir=yes
ac_cv_func_pthread_atfork=yes
ac_cv_func_pthread_attr_setstacksize=yes
ac_cv_func_realpath=yes
ac_cv_func_sin=yes
ac_cv_func_strerror=yes
ac_cv_func_strncasecmp=yes
ac_cv_func_strstr=yes
ac_cv_func_strtod=yes
ac_cv_func_strtol=yes
ac_cv_func_strtoul=yes
ac_cv_func_uname=yes
ac_cv_func_wait3=yes
ac_cv_func_waitpid=yes
ac_cv_header_AvailabilityMacros_h=yes
ac_cv_header_copyfile_h=yes
ac_cv_header_dlfcn_h=yes
ac_cv_header_float_h=yes
ac_cv_header_inttypes_h=yes
ac_cv_header_langinfo_h=yes
ac_cv_header_libkern_OSAtomic_h=yes
ac_cv_header_memory_h=yes
ac_cv_header_net_errno_h=no
ac_cv_header_stdc=yes
ac_cv_header_stdint_h=yes
ac_cv_header_stdlib_h=yes
ac_cv_header_string_h=yes
ac_cv_header_strings_h=yes
ac_cv_header_sys_filio_h=yes
ac_cv_header_sys_ioctl_h=yes
ac_cv_header_sys_modem_h=no
ac_cv_header_sys_param_h=yes
ac_cv_header_sys_stat_h=yes
ac_cv_header_sys_time_h=yes
ac_cv_header_sys_types_h=yes
ac_cv_header_sys_wait_h=yes
ac_cv_header_termios_h=yes
ac_cv_header_time=yes
ac_cv_header_unistd_h=yes
ac_cv_header_values_h=no
ac_cv_header_zlib_h=yes
ac_cv_lib_dl_dlopen=yes
ac_cv_lib_ieee_main=no
ac_cv_lib_inet_main=no
ac_cv_lib_pthread_pthread_mutex_init=yes
ac_cv_member_struct_stat_st_blksize=yes
ac_cv_member_struct_stat_st_blocks=yes
ac_cv_objext=o
ac_cv_path_tclsh=/usr/local/bin/tclsh8.6
ac_cv_prog_CPP='gcc -E'
ac_cv_prog_ac_ct_AR=ar
ac_cv_prog_ac_ct_CC=gcc
ac_cv_prog_ac_ct_RANLIB=ranlib
ac_cv_prog_cc_g=yes
ac_cv_prog_cc_stdc=
ac_cv_prog_egrep='grep -E'
ac_cv_search_deflateSetHeader=-lz
ac_cv_type_blkcnt_t=yes
ac_cv_type_gz_header=yes
ac_cv_type_intptr_t=yes
ac_cv_type_mode_t=yes
ac_cv_type_pid_t=yes
ac_cv_type_size_t=yes
ac_cv_type_struct_addrinfo=yes
ac_cv_type_struct_in6_addr=yes
ac_cv_type_struct_sockaddr_in6=yes
ac_cv_type_struct_sockaddr_storage=yes
ac_cv_type_uid_t=yes
ac_cv_type_uintptr_t=yes
tcl_cv_api_fts=yes
tcl_cv_api_getgrgid_r_5=yes
tcl_cv_api_getgrnam_r_5=yes
tcl_cv_api_getpwnam_r_5=yes
tcl_cv_api_getpwuid_r_5=yes
tcl_cv_cast_to_union=yes
tcl_cv_cc_darwin_c_source=yes
tcl_cv_cc_pipe=yes
tcl_cv_cc_visibility_hidden=yes
tcl_cv_cc_weak_import=yes
tcl_cv_char_signed=yes
tcl_cv_cpuid=yes
tcl_cv_dir_zoneinfo=/usr/share/zoneinfo
tcl_cv_dirent_h=yes
tcl_cv_flag__isoc99_source=no
tcl_cv_flag__largefile64_source=no
tcl_cv_flag__largefile_source64=no
tcl_cv_grep_gettimeofday=present
tcl_cv_isnan=yes
tcl_cv_langinfo_h=yes
tcl_cv_ld_search_paths_first=yes
tcl_cv_ld_single_module=yes
tcl_cv_lib_corefoundation=yes
tcl_cv_member_tm_gmtoff=yes
tcl_cv_member_tm_tzadj=no
tcl_cv_putenv_copy=no
tcl_cv_strstr_unbroken=ok
tcl_cv_strtod_buggy=ok
tcl_cv_strtod_unbroken=ok
tcl_cv_strtoul_unbroken=ok
tcl_cv_sys_version=Darwin-14.5.0
tcl_cv_timezone_long=yes
tcl_cv_type_64bit=none
tcl_cv_type_fd_set=yes
tcl_cv_type_socklen_t=yes
tcl_cv_union_wait=yes

## ----------------- ##
## Output variables. ##
## ----------------- ##

AR='ar'
BUILD_DLTEST='$(DLTEST_TARGETS)'
CC='gcc'
CC_SEARCH_FLAGS=''
CFG_TCL_SHARED_LIB_SUFFIX='${VERSION}.dylib'
CFG_TCL_UNSHARED_LIB_SUFFIX='${VERSION}.a'
CFLAGS='-pipe   '
CFLAGS_DEBUG='-g'
CFLAGS_DEFAULT='$(CFLAGS_OPTIMIZE)'
CFLAGS_OPTIMIZE='-Os'
CFLAGS_WARNING='-Wall'
CPP='gcc -E'
CPPFLAGS=''
DEFS='-DPACKAGE_NAME=\"tcl\" -DPACKAGE_TARNAME=\"tcl\" -DPACKAGE_VERSION=\"8.6\" -DPACKAGE_STRING=\"tcl\ 8.6\" -DPACKAGE_BUGREPORT=\"\" -DSTDC_HEADERS=1 -DHAVE_SYS_TYPES_H=1 -DHAVE_SYS_STAT_H=1 -DHAVE_STDLIB_H=1 -DHAVE_STRING_H=1 -DHAVE_MEMORY_H=1 -DHAVE_STRINGS_H=1 -DHAVE_INTTYPES_H=1 -DHAVE_STDINT_H=1 -DHAVE_UNISTD_H=1 -DNO_VALUES_H=1 -DHAVE_SYS_PARAM_H=1 -DUSE_THREAD_ALLOC=1 -D_REENTRANT=1 -D_THREAD_SAFE=1 -DHAVE_PTHREAD_ATTR_SETSTACKSIZE=1 -DHAVE_PTHREAD_ATFORK=1 -DTCL_THREADS=1 -DTCL_CFGVAL_ENCODING=\"iso8859-1\" -DHAVE_ZLIB=1 -DMODULE_SCOPE=extern\ __attribute__\(\(__visibility__\(\"hidden\"\)\)\) -DHAVE_HIDDEN=1 -DMAC_OSX_TCL=1 -DHAVE_COREFOUNDATION=1 -DHAVE_CAST_TO_UNION=1 -DTCL_SHLIB_EXT=\".dylib\" -DNDEBUG=1 -DTCL_CFG_OPTIMIZED=1 -DTCL_TOMMATH=1 -DMP_PREC=4 -DTCL_WIDE_INT_IS_LONG=1 -DHAVE_GETCWD=1 -DHAVE_MKSTEMP=1 -DHAVE_OPENDIR=1 -DHAVE_STRTOL=1 -DHAVE_WAITPID=1 -DHAVE_GETNAMEINFO=1 -DHAVE_GETADDRINFO=1 -DHAVE_FREEADDRINFO=1 -DHAVE_GAI_STRERROR=1 -DHAVE_STRUCT_ADDRINFO=1 -DHAVE_STRUCT_IN6_ADDR=1 -DHAVE_STRUCT_SOCKADDR_IN6=1 -DHAVE_STRUCT_SOCKADDR_STORAGE=1 -DHAVE_GETPWUID_R_5=1 -DHAVE_GETPWUID_R=1 -DHAVE_GETPWNAM_R_5=1 -DHAVE_GETPWNAM_R=1 -DHAVE_GETGRGID_R_5=1 -DHAVE_GETGRGID_R=1 -DHAVE_GETGRNAM_R_5=1 -DHAVE_GETGRNAM_R=1 -DHAVE_MTSAFE_GETHOSTBYNAME=1 -DHAVE_MTSAFE_GETHOSTBYADDR=1 -DHAVE_TERMIOS_H=1 -DHAVE_SYS_IOCTL_H=1 -DHAVE_SYS_TIME_H=1 -DTIME_WITH_SYS_TIME=1 -DHAVE_GMTIME_R=1 -DHAVE_LOCALTIME_R=1 -DHAVE_MKTIME=1 -DHAVE_TM_GMTOFF=1 -DHAVE_TIMEZONE_VAR=1 -DHAVE_STRUCT_STAT_ST_BLOCKS=1 -DHAVE_STRUCT_STAT_ST_BLKSIZE=1 -DHAVE_BLKCNT_T=1 -DHAVE_INTPTR_T=1 -DHAVE_UINTPTR_T=1 -DHAVE_SIGNED_CHAR=1 -DHAVE_LANGINFO=1 -DHAVE_CHFLAGS=1 -DHAVE_MKSTEMPS=1 -DHAVE_GETATTRLIST=1 -DHAVE_COPYFILE_H=1 -DHAVE_COPYFILE=1 -DHAVE_LIBKERN_OSATOMIC_H=1 -DHAVE_OSSPINLOCKLOCK=1 -DUSE_VFORK=1 -DTCL_DEFAULT_ENCODING=\"utf-8\" -DTCL_LOAD_FROM_MEMORY=1 -DTCL_WIDE_CLICKS=1 -DHAVE_AVAILABILITYMACROS_H=1 -DHAVE_WEAK_IMPORT=1 -D_DARWIN_C_SOURCE=1 -DHAVE_FTS=1 -DHAVE_SYS_IOCTL_H=1 -DHAVE_SYS_FILIO_H=1 -DTCL_UNLOAD_DLLS=1 -DHAVE_CPUID=1 '
DLL_INSTALL_DIR='$(LIB_INSTALL_DIR)'
DLTEST_LD='${CC} -bundle -Wl,-w ${CFLAGS} ${LDFLAGS}'
DLTEST_SUFFIX='.bundle'
DL_LIBS=''
DL_OBJS='tclLoadDyld.o'
DTRACE=''
DTRACE_HDR=''
DTRACE_OBJ=''
DTRACE_SRC=''
ECHO_C='ECHO_N=''
ECHO_T=''
EGREP='grep -E'
EXEEXT=''
EXTRA_APP_CC_SWITCHES='-mdynamic-no-pic'
EXTRA_BUILD_HTML='@:'
EXTRA_CC_SWITCHES=''
EXTRA_INSTALL=''
EXTRA_INSTALL_BINARIES='@:'
EXTRA_TCLSH_LIBS='-sectcreate __TEXT __info_plist Tclsh-Info.plist'
HTML_DIR='$(DISTDIR)/html'
INSTALL_LIB='$(INSTALL_LIBRARY) $(LIB_FILE) "$(LIB_INSTALL_DIR)/$(LIB_FILE)"'
INSTALL_STUB_LIB='$(INSTALL_LIBRARY) $(STUB_LIB_FILE) "$(LIB_INSTALL_DIR)/$(STUB_LIB_FILE)"'
INSTALL_TZDATA=''
LDAIX_SRC=''
LDFLAGS=' -prebind -headerpad_max_install_names -Wl,-search_paths_first '
LDFLAGS_DEBUG=''
LDFLAGS_DEFAULT='$(LDFLAGS_OPTIMIZE)'
LDFLAGS_OPTIMIZE=''
LD_LIBRARY_PATH_VAR='DYLD_LIBRARY_PATH'
LD_SEARCH_FLAGS=''
LIBOBJS=''
LIBS='-lz  -lpthread -framework CoreFoundation'
MAKEFILE_SHELL='/bin/sh'
MAKE_LIB='${SHLIB_LD} -o $@ ${OBJS} ${SHLIB_LD_LIBS} ${TCL_SHLIB_LD_EXTRAS} ${TK_SHLIB_LD_EXTRAS} ${LD_SEARCH_FLAGS}'
MAKE_STUB_LIB='${STLIB_LD} $@ ${STUB_LIB_OBJS} ; ${RANLIB} $@'
MAN_FLAGS=''
OBJEXT='o'
PACKAGE_BUGREPORT=''
PACKAGE_DIR='/usr/local/lib'
PACKAGE_NAME='tcl'
PACKAGE_STRING='tcl 8.6'
PACKAGE_TARNAME='tcl'
PACKAGE_VERSION='8.6'
PATH_SEPARATOR=':'
PKG_CFG_ARGS=''options' 'build_alias=options' 'host_alias=options' 'target_alias=options' '
PLAT_OBJS='${MAC_OSX_OBJS}'
PLAT_SRCS='${MAC_OSX_SRCS}'
PRIVATE_INCLUDE_DIR='$(includedir)'
RANLIB='ranlib'
SHELL='/bin/sh'
SHLIB_CFLAGS='-fno-common'
SHLIB_LD='${CC} -dynamiclib ${CFLAGS} ${LDFLAGS} -Wl,-single_module'
SHLIB_LD_LIBS='${LIBS}'
SHLIB_SUFFIX='.dylib'
STLIB_LD='${AR} cr'
TCLSH_PROG='/usr/local/bin/tclsh8.6'
TCL_BUILD_LIB_SPEC='-L/Users/light/Documents/2017summer/text_analysis/external_data/WordNet-3.0/tcl8.6.6/unix -ltcl8.6'
TCL_BUILD_STUB_LIB_PATH='/Users/light/Documents/2017summer/text_analysis/external_data/WordNet-3.0/tcl8.6.6/unix/libtclstub8.6.a'
TCL_BUILD_STUB_LIB_SPEC='-L/Users/light/Documents/2017summer/text_analysis/external_data/WordNet-3.0/tcl8.6.6/unix -ltclstub8.6'
TCL_HAS_LONGLONG=''
TCL_INCLUDE_SPEC='-I/usr/local/include'
TCL_LIBRARY='$(prefix)/lib/tcl$(VERSION)'
TCL_LIBS=' -lz  -lpthread -framework CoreFoundation '
TCL_LIB_FILE='libtcl8.6.dylib'
TCL_LIB_FLAG='-ltcl8.6'
TCL_LIB_SPEC='-L/usr/local/lib -ltcl8.6'
TCL_LIB_VERSIONS_OK='ok'
TCL_MAJOR_VERSION='8'
TCL_MINOR_VERSION='6'
TCL_MODULE_PATH=''
TCL_PACKAGE_PATH='/usr/local/lib '
TCL_PATCH_LEVEL='.6'
TCL_SHARED_BUILD='1'
TCL_SHARED_LIB_SUFFIX='${VERSION}${SHLIB_SUFFIX}'
TCL_SHLIB_LD_EXTRAS='-compatibility_version 8.6 -current_version 8.6.6 -install_name "${DYLIB_INSTALL_DIR}"/${TCL_LIB_FILE} -seg1addr 0xa000000 -sectcreate __TEXT __info_plist Tcl-Info.plist'
TCL_SRC_DIR='/Users/light/Documents/2017summer/text_analysis/external_data/WordNet-3.0/tcl8.6.6'
TCL_STUB_LIB_FILE='libtclstub8.6.a'
TCL_STUB_LIB_FLAG='-ltclstub8.6'
TCL_STUB_LIB_PATH='/usr/local/lib/libtclstub8.6.a'
TCL_STUB_LIB_SPEC='-L/usr/local/lib -ltclstub8.6'
TCL_THREADS='1'
TCL_UNSHARED_LIB_SUFFIX='${VERSION}.a'
TCL_VERSION='8.6'
TCL_YEAR='2017'
TK_SHLIB_LD_EXTRAS=''
ZLIB_INCLUDE=''
ZLIB_OBJS=''
ZLIB_SRCS=''
ac_ct_AR='ar'
ac_ct_CC='gcc'
ac_ct_RANLIB='ranlib'
bindir='${exec_prefix}/bin'
build_alias='options'
datadir='${prefix}/share'
exec_prefix='/usr/local'
host_alias='options'
includedir='${prefix}/include'
infodir='${prefix}/info'
libdir='/usr/local/lib'
libexecdir='${exec_prefix}/libexec'
localstatedir='${prefix}/var'
mandir='${prefix}/man'
oldincludedir='/usr/include'
prefix='/usr/local'
program_transform_name='s,x,x,'
sbindir='${exec_prefix}/sbin'
sharedstatedir='${prefix}/com'
sysconfdir='${prefix}/etc'
target_alias='options'

## ----------- ##
## confdefs.h. ##
## ----------- ##

#define HAVE_AVAILABILITYMACROS_H 1
#define HAVE_BLKCNT_T 1
#define HAVE_CAST_TO_UNION 1
#define HAVE_CHFLAGS 1
#define HAVE_COPYFILE 1
#define HAVE_COPYFILE_H 1
#define HAVE_COREFOUNDATION 1
#define HAVE_CPUID 1
#define HAVE_FREEADDRINFO 1
#define HAVE_FTS 1
#define HAVE_GAI_STRERROR 1
#define HAVE_GETADDRINFO 1
#define HAVE_GETATTRLIST 1
#define HAVE_GETCWD 1
#define HAVE_GETGRGID_R 1
#define HAVE_GETGRGID_R_5 1
#define HAVE_GETGRNAM_R 1
#define HAVE_GETGRNAM_R_5 1
#define HAVE_GETNAMEINFO 1
#define HAVE_GETPWNAM_R 1
#define HAVE_GETPWNAM_R_5 1
#define HAVE_GETPWUID_R 1
#define HAVE_GETPWUID_R_5 1
#define HAVE_GMTIME_R 1
#define HAVE_HIDDEN 1
#define HAVE_INTPTR_T 1
#define HAVE_INTTYPES_H 1
#define HAVE_LANGINFO 1
#define HAVE_LIBKERN_OSATOMIC_H 1
#define HAVE_LOCALTIME_R 1
#define HAVE_MEMORY_H 1
#define HAVE_MKSTEMP 1
#define HAVE_MKSTEMPS 1
#define HAVE_MKTIME 1
#define HAVE_MTSAFE_GETHOSTBYADDR 1
#define HAVE_MTSAFE_GETHOSTBYNAME 1
#define HAVE_OPENDIR 1
#define HAVE_OSSPINLOCKLOCK 1
#define HAVE_PTHREAD_ATFORK 1
#define HAVE_PTHREAD_ATTR_SETSTACKSIZE 1
#define HAVE_SIGNED_CHAR 1
#define HAVE_STDINT_H 1
#define HAVE_STDLIB_H 1
#define HAVE_STRINGS_H 1
#define HAVE_STRING_H 1
#define HAVE_STRTOL 1
#define HAVE_STRUCT_ADDRINFO 1
#define HAVE_STRUCT_IN6_ADDR 1
#define HAVE_STRUCT_SOCKADDR_IN6 1
#define HAVE_STRUCT_SOCKADDR_STORAGE 1
#define HAVE_STRUCT_STAT_ST_BLKSIZE 1
#define HAVE_STRUCT_STAT_ST_BLOCKS 1
#define HAVE_SYS_FILIO_H 1
#define HAVE_SYS_IOCTL_H 1
#define HAVE_SYS_IOCTL_H 1
#define HAVE_SYS_PARAM_H 1
#define HAVE_SYS_STAT_H 1
#define HAVE_SYS_TIME_H 1
#define HAVE_SYS_TYPES_H 1
#define HAVE_TERMIOS_H 1
#define HAVE_TIMEZONE_VAR 1
#define HAVE_TM_GMTOFF 1
#define HAVE_UINTPTR_T 1
#define HAVE_UNISTD_H 1
#define HAVE_WAITPID 1
#define HAVE_WEAK_IMPORT 1
#define HAVE_ZLIB 1
#define MAC_OSX_TCL 1
#define MODULE_SCOPE extern __attribute__((__visibility__("hidden")))
#define MP_PREC 4
#define NDEBUG 1
#define NO_VALUES_H 1
#define PACKAGE_BUGREPORT ""
#define PACKAGE_NAME "tcl"
#define PACKAGE_STRING "tcl 8.6"
#define PACKAGE_TARNAME "tcl"
#define PACKAGE_VERSION "8.6"
#define STDC_HEADERS 1
#define TCL_CFGVAL_ENCODING "iso8859-1"
#define TCL_CFG_OPTIMIZED 1
#define TCL_DEFAULT_ENCODING "utf-8"
#define TCL_LOAD_FROM_MEMORY 1
#define TCL_SHLIB_EXT ".dylib"
#define TCL_THREADS 1
#define TCL_TOMMATH 1
#define TCL_UNLOAD_DLLS 1
#define TCL_WIDE_CLICKS 1
#define TCL_WIDE_INT_IS_LONG 1
#define TIME_WITH_SYS_TIME 1
#define USE_THREAD_ALLOC 1
#define USE_VFORK 1
#define _DARWIN_C_SOURCE 1
#define _REENTRANT 1
#define _THREAD_SAFE 1

configure: exit 0
